✅ Python started
Traceback (most recent call last):
  File "/scratch4/cs601-dkhasha1/cs601-lgeer3/nlp-final/run_experiment.py", line 70, in <module>
    main()
  File "/scratch4/cs601-dkhasha1/cs601-lgeer3/nlp-final/run_experiment.py", line 27, in main
    args = parse_args()
  File "/scratch4/cs601-dkhasha1/cs601-lgeer3/nlp-final/run_experiment.py", line 20, in parse_args
    parser.add_argument('--learning_rate', type=float, default=1e-5, help="Learning rate for the optimizer")
  File "/home/cs601-lgeer3/.conda/envs/hw7/lib/python3.9/argparse.py", line 1441, in add_argument
    return self._add_action(action)
  File "/home/cs601-lgeer3/.conda/envs/hw7/lib/python3.9/argparse.py", line 1806, in _add_action
    self._optionals._add_action(action)
  File "/home/cs601-lgeer3/.conda/envs/hw7/lib/python3.9/argparse.py", line 1643, in _add_action
    action = super(_ArgumentGroup, self)._add_action(action)
  File "/home/cs601-lgeer3/.conda/envs/hw7/lib/python3.9/argparse.py", line 1455, in _add_action
    self._check_conflict(action)
  File "/home/cs601-lgeer3/.conda/envs/hw7/lib/python3.9/argparse.py", line 1592, in _check_conflict
    conflict_handler(action, confl_optionals)
  File "/home/cs601-lgeer3/.conda/envs/hw7/lib/python3.9/argparse.py", line 1601, in _handle_conflict_error
    raise ArgumentError(action, message % conflict_string)
argparse.ArgumentError: argument --learning_rate: conflicting option string: --learning_rate
