✅ Python started
Using device: cuda
PREPROCESSING DATA
loading tokenizer
loaded
about to load corpus
loaded corpus
Total input_ids length: 2099306
Total x/y pairs: 2099242
Total input_ids length: 2290103
Total x/y pairs: 2290039
MAKING MODEL
TRAINING MODEL
Epoch [1/2] Step [10/32801] Loss: 0.1363
Epoch [1/2] Step [20/32801] Loss: 0.1362
Epoch [1/2] Step [30/32801] Loss: 0.1362
Epoch [1/2] Step [40/32801] Loss: 0.1703
Epoch [1/2] Step [50/32801] Loss: 0.1634
Epoch [1/2] Step [60/32801] Loss: 0.1589
Epoch [1/2] Step [70/32801] Loss: 0.1556
Epoch [1/2] Step [80/32801] Loss: 0.1702
Epoch [1/2] Step [90/32801] Loss: 0.1663
Epoch [1/2] Step [100/32801] Loss: 0.1633
Epoch [1/2] Step [110/32801] Loss: 0.1608
Epoch [1/2] Step [120/32801] Loss: 0.1700
Epoch [1/2] Step [130/32801] Loss: 0.1674
Epoch [1/2] Step [140/32801] Loss: 0.1651
Epoch [1/2] Step [150/32801] Loss: 0.1631
Epoch [1/2] Step [160/32801] Loss: 0.1698
Epoch [1/2] Step [170/32801] Loss: 0.1678
Epoch [1/2] Step [180/32801] Loss: 0.1660
Epoch [1/2] Step [190/32801] Loss: 0.1643
Epoch [1/2] Step [200/32801] Loss: 0.1696
Epoch [1/2] Step [210/32801] Loss: 0.1679
Epoch [1/2] Step [220/32801] Loss: 0.1664
Epoch [1/2] Step [230/32801] Loss: 0.1650
Epoch [1/2] Step [240/32801] Loss: 0.1693
Epoch [1/2] Step [250/32801] Loss: 0.1678
Epoch [1/2] Step [260/32801] Loss: 0.1665
Epoch [1/2] Step [270/32801] Loss: 0.1653
Epoch [1/2] Step [280/32801] Loss: 0.1689
Epoch [1/2] Step [290/32801] Loss: 0.1676
Epoch [1/2] Step [300/32801] Loss: 0.1665
Epoch [1/2] Step [310/32801] Loss: 0.1654
Epoch [1/2] Step [320/32801] Loss: 0.1685
Epoch [1/2] Step [330/32801] Loss: 0.1673
Epoch [1/2] Step [340/32801] Loss: 0.1663
Epoch [1/2] Step [350/32801] Loss: 0.1653
Epoch [1/2] Step [360/32801] Loss: 0.1680
Epoch [1/2] Step [370/32801] Loss: 0.1670
Epoch [1/2] Step [380/32801] Loss: 0.1661
Epoch [1/2] Step [390/32801] Loss: 0.1652
Epoch [1/2] Step [400/32801] Loss: 0.1675
Epoch [1/2] Step [410/32801] Loss: 0.1666
Epoch [1/2] Step [420/32801] Loss: 0.1657
Epoch [1/2] Step [430/32801] Loss: 0.1649
Epoch [1/2] Step [440/32801] Loss: 0.1670
Epoch [1/2] Step [450/32801] Loss: 0.1662
Epoch [1/2] Step [460/32801] Loss: 0.1654
Epoch [1/2] Step [470/32801] Loss: 0.1646
Epoch [1/2] Step [480/32801] Loss: 0.1666
Epoch [1/2] Step [490/32801] Loss: 0.1658
Epoch [1/2] Step [500/32801] Loss: 0.1651
Epoch [1/2] Step [510/32801] Loss: 0.1643
Epoch [1/2] Step [520/32801] Loss: 0.1661
Epoch [1/2] Step [530/32801] Loss: 0.1654
Epoch [1/2] Step [540/32801] Loss: 0.1647
Epoch [1/2] Step [550/32801] Loss: 0.1640
Epoch [1/2] Step [560/32801] Loss: 0.1657
Epoch [1/2] Step [570/32801] Loss: 0.1650
Epoch [1/2] Step [580/32801] Loss: 0.1644
Epoch [1/2] Step [590/32801] Loss: 0.1637
Epoch [1/2] Step [600/32801] Loss: 0.1652
Epoch [1/2] Step [610/32801] Loss: 0.1646
Epoch [1/2] Step [620/32801] Loss: 0.1640
Epoch [1/2] Step [630/32801] Loss: 0.1634
Epoch [1/2] Step [640/32801] Loss: 0.1648
Epoch [1/2] Step [650/32801] Loss: 0.1642
Epoch [1/2] Step [660/32801] Loss: 0.1637
Epoch [1/2] Step [670/32801] Loss: 0.1631
Epoch [1/2] Step [680/32801] Loss: 0.1644
Epoch [1/2] Step [690/32801] Loss: 0.1639
Epoch [1/2] Step [700/32801] Loss: 0.1634
Epoch [1/2] Step [710/32801] Loss: 0.1628
Epoch [1/2] Step [720/32801] Loss: 0.1641
Epoch [1/2] Step [730/32801] Loss: 0.1635
Epoch [1/2] Step [740/32801] Loss: 0.1630
Epoch [1/2] Step [750/32801] Loss: 0.1625
Epoch [1/2] Step [760/32801] Loss: 0.1637
Epoch [1/2] Step [770/32801] Loss: 0.1632
Epoch [1/2] Step [780/32801] Loss: 0.1627
Epoch [1/2] Step [790/32801] Loss: 0.1623
Epoch [1/2] Step [800/32801] Loss: 0.1634
Epoch [1/2] Step [810/32801] Loss: 0.1629
Epoch [1/2] Step [820/32801] Loss: 0.1624
Epoch [1/2] Step [830/32801] Loss: 0.1620
Epoch [1/2] Step [840/32801] Loss: 0.1630
Epoch [1/2] Step [850/32801] Loss: 0.1626
Epoch [1/2] Step [860/32801] Loss: 0.1622
Epoch [1/2] Step [870/32801] Loss: 0.1617
Epoch [1/2] Step [880/32801] Loss: 0.1627
Epoch [1/2] Step [890/32801] Loss: 0.1623
Epoch [1/2] Step [900/32801] Loss: 0.1619
Epoch [1/2] Step [910/32801] Loss: 0.1615
Epoch [1/2] Step [920/32801] Loss: 0.1624
Epoch [1/2] Step [930/32801] Loss: 0.1620
Epoch [1/2] Step [940/32801] Loss: 0.1616
Epoch [1/2] Step [950/32801] Loss: 0.1612
Epoch [1/2] Step [960/32801] Loss: 0.1621
Epoch [1/2] Step [970/32801] Loss: 0.1617
Epoch [1/2] Step [980/32801] Loss: 0.1613
Epoch [1/2] Step [990/32801] Loss: 0.1610
Epoch [1/2] Step [1000/32801] Loss: 0.1618
Epoch [1/2] Step [1010/32801] Loss: 0.1615
Epoch [1/2] Step [1020/32801] Loss: 0.1611
Epoch [1/2] Step [1030/32801] Loss: 0.1607
Epoch [1/2] Step [1040/32801] Loss: 0.1615
Epoch [1/2] Step [1050/32801] Loss: 0.1612
Epoch [1/2] Step [1060/32801] Loss: 0.1608
Epoch [1/2] Step [1070/32801] Loss: 0.1605
Epoch [1/2] Step [1080/32801] Loss: 0.1613
Epoch [1/2] Step [1090/32801] Loss: 0.1609
Epoch [1/2] Step [1100/32801] Loss: 0.1606
Epoch [1/2] Step [1110/32801] Loss: 0.1602
Epoch [1/2] Step [1120/32801] Loss: 0.1610
Epoch [1/2] Step [1130/32801] Loss: 0.1607
Epoch [1/2] Step [1140/32801] Loss: 0.1604
Epoch [1/2] Step [1150/32801] Loss: 0.1600
Epoch [1/2] Step [1160/32801] Loss: 0.1608
Epoch [1/2] Step [1170/32801] Loss: 0.1604
Epoch [1/2] Step [1180/32801] Loss: 0.1601
Epoch [1/2] Step [1190/32801] Loss: 0.1598
Epoch [1/2] Step [1200/32801] Loss: 0.1605
Epoch [1/2] Step [1210/32801] Loss: 0.1602
Epoch [1/2] Step [1220/32801] Loss: 0.1599
Epoch [1/2] Step [1230/32801] Loss: 0.1596
Epoch [1/2] Step [1240/32801] Loss: 0.1603
Epoch [1/2] Step [1250/32801] Loss: 0.1600
Epoch [1/2] Step [1260/32801] Loss: 0.1597
Epoch [1/2] Step [1270/32801] Loss: 0.1594
Epoch [1/2] Step [1280/32801] Loss: 0.1600
Epoch [1/2] Step [1290/32801] Loss: 0.1597
Epoch [1/2] Step [1300/32801] Loss: 0.1594
Epoch [1/2] Step [1310/32801] Loss: 0.1591
Epoch [1/2] Step [1320/32801] Loss: 0.1598
Epoch [1/2] Step [1330/32801] Loss: 0.1595
Epoch [1/2] Step [1340/32801] Loss: 0.1592
Epoch [1/2] Step [1350/32801] Loss: 0.1589
Epoch [1/2] Step [1360/32801] Loss: 0.1595
Epoch [1/2] Step [1370/32801] Loss: 0.1593
Epoch [1/2] Step [1380/32801] Loss: 0.1590
Epoch [1/2] Step [1390/32801] Loss: 0.1587
Epoch [1/2] Step [1400/32801] Loss: 0.1593
Epoch [1/2] Step [1410/32801] Loss: 0.1591
Epoch [1/2] Step [1420/32801] Loss: 0.1588
Epoch [1/2] Step [1430/32801] Loss: 0.1585
Epoch [1/2] Step [1440/32801] Loss: 0.1591
Epoch [1/2] Step [1450/32801] Loss: 0.1588
Epoch [1/2] Step [1460/32801] Loss: 0.1586
Epoch [1/2] Step [1470/32801] Loss: 0.1583
Epoch [1/2] Step [1480/32801] Loss: 0.1589
Epoch [1/2] Step [1490/32801] Loss: 0.1586
Epoch [1/2] Step [1500/32801] Loss: 0.1584
Epoch [1/2] Step [1510/32801] Loss: 0.1581
Epoch [1/2] Step [1520/32801] Loss: 0.1587
Epoch [1/2] Step [1530/32801] Loss: 0.1584
Epoch [1/2] Step [1540/32801] Loss: 0.1582
Epoch [1/2] Step [1550/32801] Loss: 0.1579
Epoch [1/2] Step [1560/32801] Loss: 0.1584
Epoch [1/2] Step [1570/32801] Loss: 0.1582
Epoch [1/2] Step [1580/32801] Loss: 0.1580
Epoch [1/2] Step [1590/32801] Loss: 0.1577
Epoch [1/2] Step [1600/32801] Loss: 0.1582
Epoch [1/2] Step [1610/32801] Loss: 0.1580
Epoch [1/2] Step [1620/32801] Loss: 0.1578
Epoch [1/2] Step [1630/32801] Loss: 0.1575
Epoch [1/2] Step [1640/32801] Loss: 0.1580
Epoch [1/2] Step [1650/32801] Loss: 0.1578
Epoch [1/2] Step [1660/32801] Loss: 0.1576
Epoch [1/2] Step [1670/32801] Loss: 0.1573
Epoch [1/2] Step [1680/32801] Loss: 0.1578
Epoch [1/2] Step [1690/32801] Loss: 0.1576
Epoch [1/2] Step [1700/32801] Loss: 0.1574
Epoch [1/2] Step [1710/32801] Loss: 0.1572
Epoch [1/2] Step [1720/32801] Loss: 0.1576
Epoch [1/2] Step [1730/32801] Loss: 0.1574
Epoch [1/2] Step [1740/32801] Loss: 0.1572
Epoch [1/2] Step [1750/32801] Loss: 0.1570
Epoch [1/2] Step [1760/32801] Loss: 0.1574
Epoch [1/2] Step [1770/32801] Loss: 0.1572
Epoch [1/2] Step [1780/32801] Loss: 0.1570
Epoch [1/2] Step [1790/32801] Loss: 0.1568
Epoch [1/2] Step [1800/32801] Loss: 0.1572
Epoch [1/2] Step [1810/32801] Loss: 0.1570
Epoch [1/2] Step [1820/32801] Loss: 0.1568
Epoch [1/2] Step [1830/32801] Loss: 0.1566
Epoch [1/2] Step [1840/32801] Loss: 0.1570
Epoch [1/2] Step [1850/32801] Loss: 0.1568
Epoch [1/2] Step [1860/32801] Loss: 0.1566
Epoch [1/2] Step [1870/32801] Loss: 0.1564
Epoch [1/2] Step [1880/32801] Loss: 0.1568
Epoch [1/2] Step [1890/32801] Loss: 0.1566
Epoch [1/2] Step [1900/32801] Loss: 0.1564
Epoch [1/2] Step [1910/32801] Loss: 0.1562
Epoch [1/2] Step [1920/32801] Loss: 0.1566
Epoch [1/2] Step [1930/32801] Loss: 0.1564
Epoch [1/2] Step [1940/32801] Loss: 0.1563
Epoch [1/2] Step [1950/32801] Loss: 0.1561
Epoch [1/2] Step [1960/32801] Loss: 0.1565
Epoch [1/2] Step [1970/32801] Loss: 0.1563
Epoch [1/2] Step [1980/32801] Loss: 0.1561
Epoch [1/2] Step [1990/32801] Loss: 0.1559
Epoch [1/2] Step [2000/32801] Loss: 0.1563
Epoch [1/2] Step [2010/32801] Loss: 0.1561
Epoch [1/2] Step [2020/32801] Loss: 0.1559
Epoch [1/2] Step [2030/32801] Loss: 0.1557
Epoch [1/2] Step [2040/32801] Loss: 0.1561
Epoch [1/2] Step [2050/32801] Loss: 0.1559
Epoch [1/2] Step [2060/32801] Loss: 0.1557
Epoch [1/2] Step [2070/32801] Loss: 0.1555
Epoch [1/2] Step [2080/32801] Loss: 0.1559
Epoch [1/2] Step [2090/32801] Loss: 0.1557
Epoch [1/2] Step [2100/32801] Loss: 0.1555
Epoch [1/2] Step [2110/32801] Loss: 0.1553
Epoch [1/2] Step [2120/32801] Loss: 0.1557
Epoch [1/2] Step [2130/32801] Loss: 0.1555
Epoch [1/2] Step [2140/32801] Loss: 0.1553
Epoch [1/2] Step [2150/32801] Loss: 0.1552
Epoch [1/2] Step [2160/32801] Loss: 0.1555
Epoch [1/2] Step [2170/32801] Loss: 0.1553
Epoch [1/2] Step [2180/32801] Loss: 0.1552
Epoch [1/2] Step [2190/32801] Loss: 0.1550
Epoch [1/2] Step [2200/32801] Loss: 0.1553
Epoch [1/2] Step [2210/32801] Loss: 0.1552
Epoch [1/2] Step [2220/32801] Loss: 0.1550
Epoch [1/2] Step [2230/32801] Loss: 0.1548
Epoch [1/2] Step [2240/32801] Loss: 0.1551
Epoch [1/2] Step [2250/32801] Loss: 0.1550
Epoch [1/2] Step [2260/32801] Loss: 0.1548
Epoch [1/2] Step [2270/32801] Loss: 0.1546
Epoch [1/2] Step [2280/32801] Loss: 0.1550
Epoch [1/2] Step [2290/32801] Loss: 0.1548
Epoch [1/2] Step [2300/32801] Loss: 0.1546
Epoch [1/2] Step [2310/32801] Loss: 0.1545
Epoch [1/2] Step [2320/32801] Loss: 0.1548
Epoch [1/2] Step [2330/32801] Loss: 0.1546
Epoch [1/2] Step [2340/32801] Loss: 0.1545
Epoch [1/2] Step [2350/32801] Loss: 0.1543
Epoch [1/2] Step [2360/32801] Loss: 0.1546
Epoch [1/2] Step [2370/32801] Loss: 0.1544
Epoch [1/2] Step [2380/32801] Loss: 0.1543
Epoch [1/2] Step [2390/32801] Loss: 0.1541
Epoch [1/2] Step [2400/32801] Loss: 0.1544
Epoch [1/2] Step [2410/32801] Loss: 0.1543
Epoch [1/2] Step [2420/32801] Loss: 0.1541
Epoch [1/2] Step [2430/32801] Loss: 0.1540
Epoch [1/2] Step [2440/32801] Loss: 0.1543
Epoch [1/2] Step [2450/32801] Loss: 0.1541
Epoch [1/2] Step [2460/32801] Loss: 0.1539
Epoch [1/2] Step [2470/32801] Loss: 0.1538
Epoch [1/2] Step [2480/32801] Loss: 0.1541
Epoch [1/2] Step [2490/32801] Loss: 0.1539
Epoch [1/2] Step [2500/32801] Loss: 0.1538
Epoch [1/2] Step [2510/32801] Loss: 0.1536
Epoch [1/2] Step [2520/32801] Loss: 0.1539
Epoch [1/2] Step [2530/32801] Loss: 0.1538
Epoch [1/2] Step [2540/32801] Loss: 0.1536
Epoch [1/2] Step [2550/32801] Loss: 0.1535
Epoch [1/2] Step [2560/32801] Loss: 0.1537
Epoch [1/2] Step [2570/32801] Loss: 0.1536
Epoch [1/2] Step [2580/32801] Loss: 0.1534
Epoch [1/2] Step [2590/32801] Loss: 0.1533
Epoch [1/2] Step [2600/32801] Loss: 0.1536
Epoch [1/2] Step [2610/32801] Loss: 0.1534
Epoch [1/2] Step [2620/32801] Loss: 0.1533
Epoch [1/2] Step [2630/32801] Loss: 0.1531
Epoch [1/2] Step [2640/32801] Loss: 0.1534
Epoch [1/2] Step [2650/32801] Loss: 0.1532
Epoch [1/2] Step [2660/32801] Loss: 0.1531
Epoch [1/2] Step [2670/32801] Loss: 0.1529
Epoch [1/2] Step [2680/32801] Loss: 0.1532
Epoch [1/2] Step [2690/32801] Loss: 0.1531
Epoch [1/2] Step [2700/32801] Loss: 0.1529
Epoch [1/2] Step [2710/32801] Loss: 0.1528
Epoch [1/2] Step [2720/32801] Loss: 0.1530
Epoch [1/2] Step [2730/32801] Loss: 0.1529
Epoch [1/2] Step [2740/32801] Loss: 0.1528
Epoch [1/2] Step [2750/32801] Loss: 0.1526
Epoch [1/2] Step [2760/32801] Loss: 0.1529
Epoch [1/2] Step [2770/32801] Loss: 0.1527
Epoch [1/2] Step [2780/32801] Loss: 0.1526
Epoch [1/2] Step [2790/32801] Loss: 0.1524
Epoch [1/2] Step [2800/32801] Loss: 0.1527
Epoch [1/2] Step [2810/32801] Loss: 0.1526
Epoch [1/2] Step [2820/32801] Loss: 0.1524
Epoch [1/2] Step [2830/32801] Loss: 0.1523
Epoch [1/2] Step [2840/32801] Loss: 0.1525
Epoch [1/2] Step [2850/32801] Loss: 0.1524
Epoch [1/2] Step [2860/32801] Loss: 0.1522
Epoch [1/2] Step [2870/32801] Loss: 0.1521
Epoch [1/2] Step [2880/32801] Loss: 0.1524
Epoch [1/2] Step [2890/32801] Loss: 0.1522
Epoch [1/2] Step [2900/32801] Loss: 0.1521
Epoch [1/2] Step [2910/32801] Loss: 0.1519
Epoch [1/2] Step [2920/32801] Loss: 0.1522
Epoch [1/2] Step [2930/32801] Loss: 0.1520
Epoch [1/2] Step [2940/32801] Loss: 0.1519
Epoch [1/2] Step [2950/32801] Loss: 0.1518
Epoch [1/2] Step [2960/32801] Loss: 0.1520
Epoch [1/2] Step [2970/32801] Loss: 0.1519
Epoch [1/2] Step [2980/32801] Loss: 0.1517
Epoch [1/2] Step [2990/32801] Loss: 0.1516
Epoch [1/2] Step [3000/32801] Loss: 0.1518
Epoch [1/2] Step [3010/32801] Loss: 0.1517
Epoch [1/2] Step [3020/32801] Loss: 0.1516
Epoch [1/2] Step [3030/32801] Loss: 0.1514
Epoch [1/2] Step [3040/32801] Loss: 0.1517
Epoch [1/2] Step [3050/32801] Loss: 0.1515
Epoch [1/2] Step [3060/32801] Loss: 0.1514
Epoch [1/2] Step [3070/32801] Loss: 0.1513
Epoch [1/2] Step [3080/32801] Loss: 0.1515
Epoch [1/2] Step [3090/32801] Loss: 0.1514
Epoch [1/2] Step [3100/32801] Loss: 0.1512
Epoch [1/2] Step [3110/32801] Loss: 0.1511
Epoch [1/2] Step [3120/32801] Loss: 0.1514
Epoch [1/2] Step [3130/32801] Loss: 0.1512
Epoch [1/2] Step [3140/32801] Loss: 0.1511
Epoch [1/2] Step [3150/32801] Loss: 0.1510
Epoch [1/2] Step [3160/32801] Loss: 0.1512
Epoch [1/2] Step [3170/32801] Loss: 0.1511
Epoch [1/2] Step [3180/32801] Loss: 0.1509
Epoch [1/2] Step [3190/32801] Loss: 0.1508
Epoch [1/2] Step [3200/32801] Loss: 0.1510
Epoch [1/2] Step [3210/32801] Loss: 0.1509
Epoch [1/2] Step [3220/32801] Loss: 0.1508
Epoch [1/2] Step [3230/32801] Loss: 0.1506
Epoch [1/2] Step [3240/32801] Loss: 0.1508
Epoch [1/2] Step [3250/32801] Loss: 0.1507
Epoch [1/2] Step [3260/32801] Loss: 0.1506
Epoch [1/2] Step [3270/32801] Loss: 0.1505
Epoch [1/2] Step [3280/32801] Loss: 0.1507
Epoch [1/2] Step [3290/32801] Loss: 0.1506
Epoch [1/2] Step [3300/32801] Loss: 0.1504
Epoch [1/2] Step [3310/32801] Loss: 0.1503
Epoch [1/2] Step [3320/32801] Loss: 0.1505
Epoch [1/2] Step [3330/32801] Loss: 0.1504
Epoch [1/2] Step [3340/32801] Loss: 0.1503
Epoch [1/2] Step [3350/32801] Loss: 0.1502
Epoch [1/2] Step [3360/32801] Loss: 0.1504
Epoch [1/2] Step [3370/32801] Loss: 0.1502
Epoch [1/2] Step [3380/32801] Loss: 0.1501
Epoch [1/2] Step [3390/32801] Loss: 0.1500
Epoch [1/2] Step [3400/32801] Loss: 0.1502
Epoch [1/2] Step [3410/32801] Loss: 0.1501
Epoch [1/2] Step [3420/32801] Loss: 0.1499
Epoch [1/2] Step [3430/32801] Loss: 0.1498
Epoch [1/2] Step [3440/32801] Loss: 0.1500
Epoch [1/2] Step [3450/32801] Loss: 0.1499
Epoch [1/2] Step [3460/32801] Loss: 0.1498
Epoch [1/2] Step [3470/32801] Loss: 0.1497
Epoch [1/2] Step [3480/32801] Loss: 0.1499
Epoch [1/2] Step [3490/32801] Loss: 0.1497
Epoch [1/2] Step [3500/32801] Loss: 0.1496
Epoch [1/2] Step [3510/32801] Loss: 0.1495
Epoch [1/2] Step [3520/32801] Loss: 0.1497
Epoch [1/2] Step [3530/32801] Loss: 0.1496
Epoch [1/2] Step [3540/32801] Loss: 0.1495
Epoch [1/2] Step [3550/32801] Loss: 0.1493
Epoch [1/2] Step [3560/32801] Loss: 0.1495
Epoch [1/2] Step [3570/32801] Loss: 0.1494
Epoch [1/2] Step [3580/32801] Loss: 0.1493
Epoch [1/2] Step [3590/32801] Loss: 0.1492
Epoch [1/2] Step [3600/32801] Loss: 0.1494
Epoch [1/2] Step [3610/32801] Loss: 0.1493
Epoch [1/2] Step [3620/32801] Loss: 0.1491
Epoch [1/2] Step [3630/32801] Loss: 0.1490
Epoch [1/2] Step [3640/32801] Loss: 0.1492
Epoch [1/2] Step [3650/32801] Loss: 0.1491
Epoch [1/2] Step [3660/32801] Loss: 0.1490
Epoch [1/2] Step [3670/32801] Loss: 0.1489
Epoch [1/2] Step [3680/32801] Loss: 0.1491
Epoch [1/2] Step [3690/32801] Loss: 0.1489
Epoch [1/2] Step [3700/32801] Loss: 0.1488
Epoch [1/2] Step [3710/32801] Loss: 0.1487
Epoch [1/2] Step [3720/32801] Loss: 0.1489
Epoch [1/2] Step [3730/32801] Loss: 0.1488
Epoch [1/2] Step [3740/32801] Loss: 0.1487
Epoch [1/2] Step [3750/32801] Loss: 0.1486
Epoch [1/2] Step [3760/32801] Loss: 0.1487
Epoch [1/2] Step [3770/32801] Loss: 0.1486
Epoch [1/2] Step [3780/32801] Loss: 0.1485
Epoch [1/2] Step [3790/32801] Loss: 0.1484
Epoch [1/2] Step [3800/32801] Loss: 0.1486
Epoch [1/2] Step [3810/32801] Loss: 0.1485
Epoch [1/2] Step [3820/32801] Loss: 0.1484
Epoch [1/2] Step [3830/32801] Loss: 0.1483
Epoch [1/2] Step [3840/32801] Loss: 0.1484
Epoch [1/2] Step [3850/32801] Loss: 0.1483
Epoch [1/2] Step [3860/32801] Loss: 0.1482
Epoch [1/2] Step [3870/32801] Loss: 0.1481
Epoch [1/2] Step [3880/32801] Loss: 0.1483
Epoch [1/2] Step [3890/32801] Loss: 0.1482
Epoch [1/2] Step [3900/32801] Loss: 0.1481
Epoch [1/2] Step [3910/32801] Loss: 0.1480
Epoch [1/2] Step [3920/32801] Loss: 0.1481
Epoch [1/2] Step [3930/32801] Loss: 0.1480
Epoch [1/2] Step [3940/32801] Loss: 0.1479
Epoch [1/2] Step [3950/32801] Loss: 0.1478
Epoch [1/2] Step [3960/32801] Loss: 0.1480
Epoch [1/2] Step [3970/32801] Loss: 0.1479
Epoch [1/2] Step [3980/32801] Loss: 0.1478
Epoch [1/2] Step [3990/32801] Loss: 0.1477
Epoch [1/2] Step [4000/32801] Loss: 0.1478
Epoch [1/2] Step [4010/32801] Loss: 0.1477
Epoch [1/2] Step [4020/32801] Loss: 0.1476
Epoch [1/2] Step [4030/32801] Loss: 0.1475
Epoch [1/2] Step [4040/32801] Loss: 0.1477
Epoch [1/2] Step [4050/32801] Loss: 0.1476
Epoch [1/2] Step [4060/32801] Loss: 0.1475
Epoch [1/2] Step [4070/32801] Loss: 0.1474
Epoch [1/2] Step [4080/32801] Loss: 0.1475
Epoch [1/2] Step [4090/32801] Loss: 0.1474
Epoch [1/2] Step [4100/32801] Loss: 0.1473
Epoch [1/2] Step [4110/32801] Loss: 0.1472
Epoch [1/2] Step [4120/32801] Loss: 0.1474
Epoch [1/2] Step [4130/32801] Loss: 0.1473
Epoch [1/2] Step [4140/32801] Loss: 0.1472
Epoch [1/2] Step [4150/32801] Loss: 0.1471
Epoch [1/2] Step [4160/32801] Loss: 0.1472
Epoch [1/2] Step [4170/32801] Loss: 0.1471
Epoch [1/2] Step [4180/32801] Loss: 0.1470
Epoch [1/2] Step [4190/32801] Loss: 0.1469
Epoch [1/2] Step [4200/32801] Loss: 0.1471
Epoch [1/2] Step [4210/32801] Loss: 0.1470
Epoch [1/2] Step [4220/32801] Loss: 0.1469
Epoch [1/2] Step [4230/32801] Loss: 0.1468
Epoch [1/2] Step [4240/32801] Loss: 0.1469
Epoch [1/2] Step [4250/32801] Loss: 0.1468
Epoch [1/2] Step [4260/32801] Loss: 0.1467
Epoch [1/2] Step [4270/32801] Loss: 0.1466
Epoch [1/2] Step [4280/32801] Loss: 0.1468
Epoch [1/2] Step [4290/32801] Loss: 0.1467
Epoch [1/2] Step [4300/32801] Loss: 0.1466
Epoch [1/2] Step [4310/32801] Loss: 0.1465
Epoch [1/2] Step [4320/32801] Loss: 0.1466
Epoch [1/2] Step [4330/32801] Loss: 0.1465
Epoch [1/2] Step [4340/32801] Loss: 0.1464
Epoch [1/2] Step [4350/32801] Loss: 0.1463
Epoch [1/2] Step [4360/32801] Loss: 0.1465
Epoch [1/2] Step [4370/32801] Loss: 0.1464
Epoch [1/2] Step [4380/32801] Loss: 0.1463
Epoch [1/2] Step [4390/32801] Loss: 0.1462
Epoch [1/2] Step [4400/32801] Loss: 0.1463
Epoch [1/2] Step [4410/32801] Loss: 0.1462
Epoch [1/2] Step [4420/32801] Loss: 0.1461
Epoch [1/2] Step [4430/32801] Loss: 0.1460
Epoch [1/2] Step [4440/32801] Loss: 0.1462
Epoch [1/2] Step [4450/32801] Loss: 0.1461
Epoch [1/2] Step [4460/32801] Loss: 0.1460
Epoch [1/2] Step [4470/32801] Loss: 0.1459
Epoch [1/2] Step [4480/32801] Loss: 0.1460
Epoch [1/2] Step [4490/32801] Loss: 0.1459
Epoch [1/2] Step [4500/32801] Loss: 0.1458
Epoch [1/2] Step [4510/32801] Loss: 0.1457
Epoch [1/2] Step [4520/32801] Loss: 0.1459
Epoch [1/2] Step [4530/32801] Loss: 0.1458
Epoch [1/2] Step [4540/32801] Loss: 0.1457
Epoch [1/2] Step [4550/32801] Loss: 0.1456
Epoch [1/2] Step [4560/32801] Loss: 0.1457
Epoch [1/2] Step [4570/32801] Loss: 0.1456
Epoch [1/2] Step [4580/32801] Loss: 0.1455
Epoch [1/2] Step [4590/32801] Loss: 0.1454
Epoch [1/2] Step [4600/32801] Loss: 0.1456
Epoch [1/2] Step [4610/32801] Loss: 0.1455
Epoch [1/2] Step [4620/32801] Loss: 0.1454
Epoch [1/2] Step [4630/32801] Loss: 0.1453
Epoch [1/2] Step [4640/32801] Loss: 0.1454
Epoch [1/2] Step [4650/32801] Loss: 0.1453
Epoch [1/2] Step [4660/32801] Loss: 0.1452
Epoch [1/2] Step [4670/32801] Loss: 0.1452
Epoch [1/2] Step [4680/32801] Loss: 0.1453
Epoch [1/2] Step [4690/32801] Loss: 0.1452
Epoch [1/2] Step [4700/32801] Loss: 0.1451
Epoch [1/2] Step [4710/32801] Loss: 0.1450
Epoch [1/2] Step [4720/32801] Loss: 0.1451
Epoch [1/2] Step [4730/32801] Loss: 0.1451
Epoch [1/2] Step [4740/32801] Loss: 0.1450
Epoch [1/2] Step [4750/32801] Loss: 0.1449
Epoch [1/2] Step [4760/32801] Loss: 0.1450
Epoch [1/2] Step [4770/32801] Loss: 0.1449
Epoch [1/2] Step [4780/32801] Loss: 0.1448
Epoch [1/2] Step [4790/32801] Loss: 0.1447
Epoch [1/2] Step [4800/32801] Loss: 0.1449
Epoch [1/2] Step [4810/32801] Loss: 0.1448
Epoch [1/2] Step [4820/32801] Loss: 0.1447
Epoch [1/2] Step [4830/32801] Loss: 0.1446
Epoch [1/2] Step [4840/32801] Loss: 0.1447
Epoch [1/2] Step [4850/32801] Loss: 0.1446
Epoch [1/2] Step [4860/32801] Loss: 0.1445
Epoch [1/2] Step [4870/32801] Loss: 0.1444
Epoch [1/2] Step [4880/32801] Loss: 0.1446
Epoch [1/2] Step [4890/32801] Loss: 0.1445
Epoch [1/2] Step [4900/32801] Loss: 0.1444
Epoch [1/2] Step [4910/32801] Loss: 0.1443
Epoch [1/2] Step [4920/32801] Loss: 0.1444
Epoch [1/2] Step [4930/32801] Loss: 0.1443
Epoch [1/2] Step [4940/32801] Loss: 0.1443
Epoch [1/2] Step [4950/32801] Loss: 0.1442
Epoch [1/2] Step [4960/32801] Loss: 0.1443
Epoch [1/2] Step [4970/32801] Loss: 0.1442
Epoch [1/2] Step [4980/32801] Loss: 0.1441
Epoch [1/2] Step [4990/32801] Loss: 0.1440
Epoch [1/2] Step [5000/32801] Loss: 0.1442
Epoch [1/2] Step [5010/32801] Loss: 0.1441
Epoch [1/2] Step [5020/32801] Loss: 0.1440
Epoch [1/2] Step [5030/32801] Loss: 0.1439
Epoch [1/2] Step [5040/32801] Loss: 0.1440
Epoch [1/2] Step [5050/32801] Loss: 0.1439
Epoch [1/2] Step [5060/32801] Loss: 0.1438
Epoch [1/2] Step [5070/32801] Loss: 0.1438
Epoch [1/2] Step [5080/32801] Loss: 0.1439
Epoch [1/2] Step [5090/32801] Loss: 0.1438
Epoch [1/2] Step [5100/32801] Loss: 0.1437
Epoch [1/2] Step [5110/32801] Loss: 0.1436
Epoch [1/2] Step [5120/32801] Loss: 0.1437
Epoch [1/2] Step [5130/32801] Loss: 0.1437
Epoch [1/2] Step [5140/32801] Loss: 0.1436
Epoch [1/2] Step [5150/32801] Loss: 0.1435
Epoch [1/2] Step [5160/32801] Loss: 0.1436
Epoch [1/2] Step [5170/32801] Loss: 0.1435
Epoch [1/2] Step [5180/32801] Loss: 0.1434
Epoch [1/2] Step [5190/32801] Loss: 0.1434
Epoch [1/2] Step [5200/32801] Loss: 0.1435
Epoch [1/2] Step [5210/32801] Loss: 0.1434
Epoch [1/2] Step [5220/32801] Loss: 0.1433
Epoch [1/2] Step [5230/32801] Loss: 0.1432
Epoch [1/2] Step [5240/32801] Loss: 0.1433
Epoch [1/2] Step [5250/32801] Loss: 0.1432
Epoch [1/2] Step [5260/32801] Loss: 0.1432
Epoch [1/2] Step [5270/32801] Loss: 0.1431
Epoch [1/2] Step [5280/32801] Loss: 0.1432
Epoch [1/2] Step [5290/32801] Loss: 0.1431
Epoch [1/2] Step [5300/32801] Loss: 0.1430
Epoch [1/2] Step [5310/32801] Loss: 0.1429
Epoch [1/2] Step [5320/32801] Loss: 0.1430
Epoch [1/2] Step [5330/32801] Loss: 0.1430
Epoch [1/2] Step [5340/32801] Loss: 0.1429
Epoch [1/2] Step [5350/32801] Loss: 0.1428
Epoch [1/2] Step [5360/32801] Loss: 0.1429
Epoch [1/2] Step [5370/32801] Loss: 0.1428
Epoch [1/2] Step [5380/32801] Loss: 0.1428
Epoch [1/2] Step [5390/32801] Loss: 0.1427
Epoch [1/2] Step [5400/32801] Loss: 0.1428
Epoch [1/2] Step [5410/32801] Loss: 0.1427
Epoch [1/2] Step [5420/32801] Loss: 0.1426
Epoch [1/2] Step [5430/32801] Loss: 0.1425
Epoch [1/2] Step [5440/32801] Loss: 0.1426
Epoch [1/2] Step [5450/32801] Loss: 0.1426
Epoch [1/2] Step [5460/32801] Loss: 0.1425
Epoch [1/2] Step [5470/32801] Loss: 0.1424
Epoch [1/2] Step [5480/32801] Loss: 0.1425
Epoch [1/2] Step [5490/32801] Loss: 0.1424
Epoch [1/2] Step [5500/32801] Loss: 0.1423
Epoch [1/2] Step [5510/32801] Loss: 0.1423
Epoch [1/2] Step [5520/32801] Loss: 0.1424
Epoch [1/2] Step [5530/32801] Loss: 0.1423
Epoch [1/2] Step [5540/32801] Loss: 0.1422
Epoch [1/2] Step [5550/32801] Loss: 0.1421
Epoch [1/2] Step [5560/32801] Loss: 0.1422
Epoch [1/2] Step [5570/32801] Loss: 0.1422
Epoch [1/2] Step [5580/32801] Loss: 0.1421
Epoch [1/2] Step [5590/32801] Loss: 0.1420
Epoch [1/2] Step [5600/32801] Loss: 0.1421
Epoch [1/2] Step [5610/32801] Loss: 0.1420
Epoch [1/2] Step [5620/32801] Loss: 0.1419
Epoch [1/2] Step [5630/32801] Loss: 0.1419
Epoch [1/2] Step [5640/32801] Loss: 0.1420
Epoch [1/2] Step [5650/32801] Loss: 0.1419
Epoch [1/2] Step [5660/32801] Loss: 0.1418
Epoch [1/2] Step [5670/32801] Loss: 0.1417
Epoch [1/2] Step [5680/32801] Loss: 0.1418
Epoch [1/2] Step [5690/32801] Loss: 0.1418
Epoch [1/2] Step [5700/32801] Loss: 0.1417
Epoch [1/2] Step [5710/32801] Loss: 0.1416
Epoch [1/2] Step [5720/32801] Loss: 0.1417
Epoch [1/2] Step [5730/32801] Loss: 0.1416
Epoch [1/2] Step [5740/32801] Loss: 0.1415
Epoch [1/2] Step [5750/32801] Loss: 0.1415
Epoch [1/2] Step [5760/32801] Loss: 0.1416
Epoch [1/2] Step [5770/32801] Loss: 0.1415
Epoch [1/2] Step [5780/32801] Loss: 0.1414
Epoch [1/2] Step [5790/32801] Loss: 0.1413
Epoch [1/2] Step [5800/32801] Loss: 0.1414
Epoch [1/2] Step [5810/32801] Loss: 0.1413
Epoch [1/2] Step [5820/32801] Loss: 0.1413
Epoch [1/2] Step [5830/32801] Loss: 0.1412
Epoch [1/2] Step [5840/32801] Loss: 0.1413
Epoch [1/2] Step [5850/32801] Loss: 0.1412
Epoch [1/2] Step [5860/32801] Loss: 0.1411
Epoch [1/2] Step [5870/32801] Loss: 0.1411
Epoch [1/2] Step [5880/32801] Loss: 0.1412
Epoch [1/2] Step [5890/32801] Loss: 0.1411
Epoch [1/2] Step [5900/32801] Loss: 0.1410
Epoch [1/2] Step [5910/32801] Loss: 0.1409
Epoch [1/2] Step [5920/32801] Loss: 0.1410
Epoch [1/2] Step [5930/32801] Loss: 0.1409
Epoch [1/2] Step [5940/32801] Loss: 0.1409
Epoch [1/2] Step [5950/32801] Loss: 0.1408
Epoch [1/2] Step [5960/32801] Loss: 0.1409
Epoch [1/2] Step [5970/32801] Loss: 0.1408
Epoch [1/2] Step [5980/32801] Loss: 0.1407
Epoch [1/2] Step [5990/32801] Loss: 0.1407
Epoch [1/2] Step [6000/32801] Loss: 0.1408
Epoch [1/2] Step [6010/32801] Loss: 0.1407
Epoch [1/2] Step [6020/32801] Loss: 0.1406
Epoch [1/2] Step [6030/32801] Loss: 0.1405
Epoch [1/2] Step [6040/32801] Loss: 0.1406
Epoch [1/2] Step [6050/32801] Loss: 0.1406
Epoch [1/2] Step [6060/32801] Loss: 0.1405
Epoch [1/2] Step [6070/32801] Loss: 0.1404
Epoch [1/2] Step [6080/32801] Loss: 0.1405
Epoch [1/2] Step [6090/32801] Loss: 0.1404
Epoch [1/2] Step [6100/32801] Loss: 0.1404
Epoch [1/2] Step [6110/32801] Loss: 0.1403
Epoch [1/2] Step [6120/32801] Loss: 0.1404
Epoch [1/2] Step [6130/32801] Loss: 0.1403
Epoch [1/2] Step [6140/32801] Loss: 0.1402
Epoch [1/2] Step [6150/32801] Loss: 0.1402
Epoch [1/2] Step [6160/32801] Loss: 0.1402
Epoch [1/2] Step [6170/32801] Loss: 0.1402
Epoch [1/2] Step [6180/32801] Loss: 0.1401
Epoch [1/2] Step [6190/32801] Loss: 0.1400
Epoch [1/2] Step [6200/32801] Loss: 0.1401
Epoch [1/2] Step [6210/32801] Loss: 0.1400
Epoch [1/2] Step [6220/32801] Loss: 0.1400
Epoch [1/2] Step [6230/32801] Loss: 0.1399
Epoch [1/2] Step [6240/32801] Loss: 0.1400
Epoch [1/2] Step [6250/32801] Loss: 0.1399
Epoch [1/2] Step [6260/32801] Loss: 0.1399
Epoch [1/2] Step [6270/32801] Loss: 0.1398
Epoch [1/2] Step [6280/32801] Loss: 0.1399
Epoch [1/2] Step [6290/32801] Loss: 0.1398
Epoch [1/2] Step [6300/32801] Loss: 0.1397
Epoch [1/2] Step [6310/32801] Loss: 0.1397
Epoch [1/2] Step [6320/32801] Loss: 0.1397
Epoch [1/2] Step [6330/32801] Loss: 0.1397
Epoch [1/2] Step [6340/32801] Loss: 0.1396
Epoch [1/2] Step [6350/32801] Loss: 0.1395
Epoch [1/2] Step [6360/32801] Loss: 0.1396
Epoch [1/2] Step [6370/32801] Loss: 0.1395
Epoch [1/2] Step [6380/32801] Loss: 0.1395
Epoch [1/2] Step [6390/32801] Loss: 0.1394
Epoch [1/2] Step [6400/32801] Loss: 0.1395
Epoch [1/2] Step [6410/32801] Loss: 0.1394
Epoch [1/2] Step [6420/32801] Loss: 0.1393
Epoch [1/2] Step [6430/32801] Loss: 0.1393
Epoch [1/2] Step [6440/32801] Loss: 0.1394
Epoch [1/2] Step [6450/32801] Loss: 0.1393
Epoch [1/2] Step [6460/32801] Loss: 0.1392
Epoch [1/2] Step [6470/32801] Loss: 0.1392
Epoch [1/2] Step [6480/32801] Loss: 0.1392
Epoch [1/2] Step [6490/32801] Loss: 0.1392
Epoch [1/2] Step [6500/32801] Loss: 0.1391
Epoch [1/2] Step [6510/32801] Loss: 0.1390
Epoch [1/2] Step [6520/32801] Loss: 0.1391
Epoch [1/2] Step [6530/32801] Loss: 0.1390
Epoch [1/2] Step [6540/32801] Loss: 0.1390
Epoch [1/2] Step [6550/32801] Loss: 0.1389
Epoch [1/2] Step [6560/32801] Loss: 0.1390
Epoch [1/2] Step [6570/32801] Loss: 0.1389
Epoch [1/2] Step [6580/32801] Loss: 0.1388
Epoch [1/2] Step [6590/32801] Loss: 0.1388
Epoch [1/2] Step [6600/32801] Loss: 0.1389
Epoch [1/2] Step [6610/32801] Loss: 0.1388
Epoch [1/2] Step [6620/32801] Loss: 0.1387
Epoch [1/2] Step [6630/32801] Loss: 0.1387
Epoch [1/2] Step [6640/32801] Loss: 0.1387
Epoch [1/2] Step [6650/32801] Loss: 0.1387
Epoch [1/2] Step [6660/32801] Loss: 0.1386
Epoch [1/2] Step [6670/32801] Loss: 0.1385
Epoch [1/2] Step [6680/32801] Loss: 0.1386
Epoch [1/2] Step [6690/32801] Loss: 0.1385
Epoch [1/2] Step [6700/32801] Loss: 0.1385
Epoch [1/2] Step [6710/32801] Loss: 0.1384
Epoch [1/2] Step [6720/32801] Loss: 0.1385
Epoch [1/2] Step [6730/32801] Loss: 0.1384
Epoch [1/2] Step [6740/32801] Loss: 0.1384
Epoch [1/2] Step [6750/32801] Loss: 0.1383
Epoch [1/2] Step [6760/32801] Loss: 0.1384
Epoch [1/2] Step [6770/32801] Loss: 0.1383
Epoch [1/2] Step [6780/32801] Loss: 0.1382
Epoch [1/2] Step [6790/32801] Loss: 0.1382
Epoch [1/2] Step [6800/32801] Loss: 0.1382
Epoch [1/2] Step [6810/32801] Loss: 0.1382
Epoch [1/2] Step [6820/32801] Loss: 0.1381
Epoch [1/2] Step [6830/32801] Loss: 0.1380
Epoch [1/2] Step [6840/32801] Loss: 0.1381
Epoch [1/2] Step [6850/32801] Loss: 0.1381
Epoch [1/2] Step [6860/32801] Loss: 0.1380
Epoch [1/2] Step [6870/32801] Loss: 0.1379
Epoch [1/2] Step [6880/32801] Loss: 0.1380
Epoch [1/2] Step [6890/32801] Loss: 0.1379
Epoch [1/2] Step [6900/32801] Loss: 0.1379
Epoch [1/2] Step [6910/32801] Loss: 0.1378
Epoch [1/2] Step [6920/32801] Loss: 0.1379
Epoch [1/2] Step [6930/32801] Loss: 0.1378
Epoch [1/2] Step [6940/32801] Loss: 0.1378
Epoch [1/2] Step [6950/32801] Loss: 0.1377
Epoch [1/2] Step [6960/32801] Loss: 0.1378
Epoch [1/2] Step [6970/32801] Loss: 0.1377
Epoch [1/2] Step [6980/32801] Loss: 0.1376
Epoch [1/2] Step [6990/32801] Loss: 0.1376
Epoch [1/2] Step [7000/32801] Loss: 0.1376
Epoch [1/2] Step [7010/32801] Loss: 0.1376
Epoch [1/2] Step [7020/32801] Loss: 0.1375
Epoch [1/2] Step [7030/32801] Loss: 0.1375
Epoch [1/2] Step [7040/32801] Loss: 0.1375
Epoch [1/2] Step [7050/32801] Loss: 0.1375
Epoch [1/2] Step [7060/32801] Loss: 0.1374
Epoch [1/2] Step [7070/32801] Loss: 0.1373
Epoch [1/2] Step [7080/32801] Loss: 0.1374
Epoch [1/2] Step [7090/32801] Loss: 0.1373
Epoch [1/2] Step [7100/32801] Loss: 0.1373
Epoch [1/2] Step [7110/32801] Loss: 0.1372
Epoch [1/2] Step [7120/32801] Loss: 0.1373
Epoch [1/2] Step [7130/32801] Loss: 0.1372
Epoch [1/2] Step [7140/32801] Loss: 0.1372
Epoch [1/2] Step [7150/32801] Loss: 0.1371
Epoch [1/2] Step [7160/32801] Loss: 0.1372
Epoch [1/2] Step [7170/32801] Loss: 0.1371
Epoch [1/2] Step [7180/32801] Loss: 0.1370
Epoch [1/2] Step [7190/32801] Loss: 0.1370
Epoch [1/2] Step [7200/32801] Loss: 0.1370
Epoch [1/2] Step [7210/32801] Loss: 0.1370
Epoch [1/2] Step [7220/32801] Loss: 0.1369
Epoch [1/2] Step [7230/32801] Loss: 0.1369
Epoch [1/2] Step [7240/32801] Loss: 0.1369
Epoch [1/2] Step [7250/32801] Loss: 0.1369
Epoch [1/2] Step [7260/32801] Loss: 0.1368
Epoch [1/2] Step [7270/32801] Loss: 0.1368
Epoch [1/2] Step [7280/32801] Loss: 0.1368
Epoch [1/2] Step [7290/32801] Loss: 0.1368
Epoch [1/2] Step [7300/32801] Loss: 0.1367
Epoch [1/2] Step [7310/32801] Loss: 0.1366
Epoch [1/2] Step [7320/32801] Loss: 0.1367
Epoch [1/2] Step [7330/32801] Loss: 0.1366
Epoch [1/2] Step [7340/32801] Loss: 0.1366
Epoch [1/2] Step [7350/32801] Loss: 0.1365
Epoch [1/2] Step [7360/32801] Loss: 0.1366
Epoch [1/2] Step [7370/32801] Loss: 0.1365
Epoch [1/2] Step [7380/32801] Loss: 0.1365
Epoch [1/2] Step [7390/32801] Loss: 0.1364
Epoch [1/2] Step [7400/32801] Loss: 0.1365
Epoch [1/2] Step [7410/32801] Loss: 0.1364
Epoch [1/2] Step [7420/32801] Loss: 0.1363
Epoch [1/2] Step [7430/32801] Loss: 0.1363
Epoch [1/2] Step [7440/32801] Loss: 0.1364
Epoch [1/2] Step [7450/32801] Loss: 0.1363
Epoch [1/2] Step [7460/32801] Loss: 0.1362
Epoch [1/2] Step [7470/32801] Loss: 0.1362
Epoch [1/2] Step [7480/32801] Loss: 0.1362
Epoch [1/2] Step [7490/32801] Loss: 0.1362
Epoch [1/2] Step [7500/32801] Loss: 0.1361
Epoch [1/2] Step [7510/32801] Loss: 0.1361
Epoch [1/2] Step [7520/32801] Loss: 0.1361
Epoch [1/2] Step [7530/32801] Loss: 0.1361
Epoch [1/2] Step [7540/32801] Loss: 0.1360
Epoch [1/2] Step [7550/32801] Loss: 0.1360
Epoch [1/2] Step [7560/32801] Loss: 0.1360
Epoch [1/2] Step [7570/32801] Loss: 0.1360
Epoch [1/2] Step [7580/32801] Loss: 0.1359
Epoch [1/2] Step [7590/32801] Loss: 0.1358
Epoch [1/2] Step [7600/32801] Loss: 0.1359
Epoch [1/2] Step [7610/32801] Loss: 0.1358
Epoch [1/2] Step [7620/32801] Loss: 0.1358
Epoch [1/2] Step [7630/32801] Loss: 0.1357
Epoch [1/2] Step [7640/32801] Loss: 0.1358
Epoch [1/2] Step [7650/32801] Loss: 0.1357
Epoch [1/2] Step [7660/32801] Loss: 0.1357
Epoch [1/2] Step [7670/32801] Loss: 0.1356
Epoch [1/2] Step [7680/32801] Loss: 0.1357
Epoch [1/2] Step [7690/32801] Loss: 0.1356
Epoch [1/2] Step [7700/32801] Loss: 0.1356
Epoch [1/2] Step [7710/32801] Loss: 0.1355
Epoch [1/2] Step [7720/32801] Loss: 0.1356
Epoch [1/2] Step [7730/32801] Loss: 0.1355
Epoch [1/2] Step [7740/32801] Loss: 0.1354
Epoch [1/2] Step [7750/32801] Loss: 0.1354
Epoch [1/2] Step [7760/32801] Loss: 0.1355
Epoch [1/2] Step [7770/32801] Loss: 0.1354
Epoch [1/2] Step [7780/32801] Loss: 0.1353
Epoch [1/2] Step [7790/32801] Loss: 0.1353
Epoch [1/2] Step [7800/32801] Loss: 0.1353
Epoch [1/2] Step [7810/32801] Loss: 0.1353
Epoch [1/2] Step [7820/32801] Loss: 0.1352
Epoch [1/2] Step [7830/32801] Loss: 0.1352
Epoch [1/2] Step [7840/32801] Loss: 0.1352
Epoch [1/2] Step [7850/32801] Loss: 0.1352
Epoch [1/2] Step [7860/32801] Loss: 0.1351
Epoch [1/2] Step [7870/32801] Loss: 0.1351
Epoch [1/2] Step [7880/32801] Loss: 0.1351
Epoch [1/2] Step [7890/32801] Loss: 0.1351
Epoch [1/2] Step [7900/32801] Loss: 0.1350
Epoch [1/2] Step [7910/32801] Loss: 0.1349
Epoch [1/2] Step [7920/32801] Loss: 0.1350
Epoch [1/2] Step [7930/32801] Loss: 0.1349
Epoch [1/2] Step [7940/32801] Loss: 0.1349
Epoch [1/2] Step [7950/32801] Loss: 0.1348
Epoch [1/2] Step [7960/32801] Loss: 0.1349
Epoch [1/2] Step [7970/32801] Loss: 0.1348
Epoch [1/2] Step [7980/32801] Loss: 0.1348
Epoch [1/2] Step [7990/32801] Loss: 0.1347
Epoch [1/2] Step [8000/32801] Loss: 0.1348
Epoch [1/2] Step [8010/32801] Loss: 0.1347
Epoch [1/2] Step [8020/32801] Loss: 0.1347
Epoch [1/2] Step [8030/32801] Loss: 0.1346
Epoch [1/2] Step [8040/32801] Loss: 0.1347
Epoch [1/2] Step [8050/32801] Loss: 0.1346
Epoch [1/2] Step [8060/32801] Loss: 0.1346
Epoch [1/2] Step [8070/32801] Loss: 0.1345
Epoch [1/2] Step [8080/32801] Loss: 0.1346
Epoch [1/2] Step [8090/32801] Loss: 0.1345
Epoch [1/2] Step [8100/32801] Loss: 0.1345
Epoch [1/2] Step [8110/32801] Loss: 0.1344
Epoch [1/2] Step [8120/32801] Loss: 0.1345
Epoch [1/2] Step [8130/32801] Loss: 0.1344
Epoch [1/2] Step [8140/32801] Loss: 0.1344
Epoch [1/2] Step [8150/32801] Loss: 0.1343
Epoch [1/2] Step [8160/32801] Loss: 0.1344
Epoch [1/2] Step [8170/32801] Loss: 0.1343
Epoch [1/2] Step [8180/32801] Loss: 0.1343
Epoch [1/2] Step [8190/32801] Loss: 0.1342
Epoch [1/2] Step [8200/32801] Loss: 0.1343
Epoch [1/2] Step [8210/32801] Loss: 0.1342
Epoch [1/2] Step [8220/32801] Loss: 0.1341
Epoch [1/2] Step [8230/32801] Loss: 0.1341
Epoch [1/2] Step [8240/32801] Loss: 0.1341
Epoch [1/2] Step [8250/32801] Loss: 0.1341
Epoch [1/2] Step [8260/32801] Loss: 0.1340
Epoch [1/2] Step [8270/32801] Loss: 0.1340
Epoch [1/2] Step [8280/32801] Loss: 0.1340
Epoch [1/2] Step [8290/32801] Loss: 0.1340
Epoch [1/2] Step [8300/32801] Loss: 0.1339
Epoch [1/2] Step [8310/32801] Loss: 0.1339
Epoch [1/2] Step [8320/32801] Loss: 0.1339
Epoch [1/2] Step [8330/32801] Loss: 0.1339
Epoch [1/2] Step [8340/32801] Loss: 0.1338
Epoch [1/2] Step [8350/32801] Loss: 0.1338
Epoch [1/2] Step [8360/32801] Loss: 0.1338
Epoch [1/2] Step [8370/32801] Loss: 0.1338
Epoch [1/2] Step [8380/32801] Loss: 0.1337
Epoch [1/2] Step [8390/32801] Loss: 0.1337
Epoch [1/2] Step [8400/32801] Loss: 0.1337
Epoch [1/2] Step [8410/32801] Loss: 0.1337
Epoch [1/2] Step [8420/32801] Loss: 0.1336
Epoch [1/2] Step [8430/32801] Loss: 0.1336
Epoch [1/2] Step [8440/32801] Loss: 0.1336
Epoch [1/2] Step [8450/32801] Loss: 0.1336
Epoch [1/2] Step [8460/32801] Loss: 0.1335
Epoch [1/2] Step [8470/32801] Loss: 0.1335
Epoch [1/2] Step [8480/32801] Loss: 0.1335
Epoch [1/2] Step [8490/32801] Loss: 0.1335
Epoch [1/2] Step [8500/32801] Loss: 0.1334
Epoch [1/2] Step [8510/32801] Loss: 0.1334
Epoch [1/2] Step [8520/32801] Loss: 0.1334
Epoch [1/2] Step [8530/32801] Loss: 0.1334
Epoch [1/2] Step [8540/32801] Loss: 0.1333
Epoch [1/2] Step [8550/32801] Loss: 0.1333
Epoch [1/2] Step [8560/32801] Loss: 0.1333
Epoch [1/2] Step [8570/32801] Loss: 0.1333
Epoch [1/2] Step [8580/32801] Loss: 0.1332
Epoch [1/2] Step [8590/32801] Loss: 0.1332
Epoch [1/2] Step [8600/32801] Loss: 0.1332
Epoch [1/2] Step [8610/32801] Loss: 0.1332
Epoch [1/2] Step [8620/32801] Loss: 0.1331
Epoch [1/2] Step [8630/32801] Loss: 0.1331
Epoch [1/2] Step [8640/32801] Loss: 0.1331
Epoch [1/2] Step [8650/32801] Loss: 0.1331
Epoch [1/2] Step [8660/32801] Loss: 0.1330
Epoch [1/2] Step [8670/32801] Loss: 0.1330
Epoch [1/2] Step [8680/32801] Loss: 0.1330
Epoch [1/2] Step [8690/32801] Loss: 0.1330
Epoch [1/2] Step [8700/32801] Loss: 0.1329
Epoch [1/2] Step [8710/32801] Loss: 0.1329
Epoch [1/2] Step [8720/32801] Loss: 0.1329
Epoch [1/2] Step [8730/32801] Loss: 0.1329
Epoch [1/2] Step [8740/32801] Loss: 0.1328
Epoch [1/2] Step [8750/32801] Loss: 0.1328
Epoch [1/2] Step [8760/32801] Loss: 0.1328
Epoch [1/2] Step [8770/32801] Loss: 0.1328
Epoch [1/2] Step [8780/32801] Loss: 0.1327
Epoch [1/2] Step [8790/32801] Loss: 0.1327
Epoch [1/2] Step [8800/32801] Loss: 0.1327
Epoch [1/2] Step [8810/32801] Loss: 0.1327
Epoch [1/2] Step [8820/32801] Loss: 0.1326
Epoch [1/2] Step [8830/32801] Loss: 0.1326
Epoch [1/2] Step [8840/32801] Loss: 0.1326
Epoch [1/2] Step [8850/32801] Loss: 0.1326
Epoch [1/2] Step [8860/32801] Loss: 0.1325
Epoch [1/2] Step [8870/32801] Loss: 0.1325
Epoch [1/2] Step [8880/32801] Loss: 0.1325
Epoch [1/2] Step [8890/32801] Loss: 0.1325
Epoch [1/2] Step [8900/32801] Loss: 0.1324
Epoch [1/2] Step [8910/32801] Loss: 0.1324
Epoch [1/2] Step [8920/32801] Loss: 0.1324
Epoch [1/2] Step [8930/32801] Loss: 0.1324
Epoch [1/2] Step [8940/32801] Loss: 0.1323
Epoch [1/2] Step [8950/32801] Loss: 0.1323
Epoch [1/2] Step [8960/32801] Loss: 0.1323
Epoch [1/2] Step [8970/32801] Loss: 0.1323
Epoch [1/2] Step [8980/32801] Loss: 0.1322
Epoch [1/2] Step [8990/32801] Loss: 0.1322
Epoch [1/2] Step [9000/32801] Loss: 0.1322
Epoch [1/2] Step [9010/32801] Loss: 0.1322
Epoch [1/2] Step [9020/32801] Loss: 0.1321
Epoch [1/2] Step [9030/32801] Loss: 0.1321
Epoch [1/2] Step [9040/32801] Loss: 0.1321
Epoch [1/2] Step [9050/32801] Loss: 0.1321
Epoch [1/2] Step [9060/32801] Loss: 0.1320
Epoch [1/2] Step [9070/32801] Loss: 0.1320
Epoch [1/2] Step [9080/32801] Loss: 0.1320
Epoch [1/2] Step [9090/32801] Loss: 0.1320
Epoch [1/2] Step [9100/32801] Loss: 0.1319
Epoch [1/2] Step [9110/32801] Loss: 0.1319
Epoch [1/2] Step [9120/32801] Loss: 0.1319
Epoch [1/2] Step [9130/32801] Loss: 0.1319
Epoch [1/2] Step [9140/32801] Loss: 0.1318
Epoch [1/2] Step [9150/32801] Loss: 0.1318
Epoch [1/2] Step [9160/32801] Loss: 0.1318
Epoch [1/2] Step [9170/32801] Loss: 0.1318
Epoch [1/2] Step [9180/32801] Loss: 0.1317
Epoch [1/2] Step [9190/32801] Loss: 0.1317
Epoch [1/2] Step [9200/32801] Loss: 0.1317
Epoch [1/2] Step [9210/32801] Loss: 0.1317
Epoch [1/2] Step [9220/32801] Loss: 0.1316
Epoch [1/2] Step [9230/32801] Loss: 0.1316
Epoch [1/2] Step [9240/32801] Loss: 0.1316
Epoch [1/2] Step [9250/32801] Loss: 0.1316
Epoch [1/2] Step [9260/32801] Loss: 0.1315
Epoch [1/2] Step [9270/32801] Loss: 0.1315
Epoch [1/2] Step [9280/32801] Loss: 0.1315
Epoch [1/2] Step [9290/32801] Loss: 0.1315
Epoch [1/2] Step [9300/32801] Loss: 0.1314
Epoch [1/2] Step [9310/32801] Loss: 0.1314
Epoch [1/2] Step [9320/32801] Loss: 0.1314
Epoch [1/2] Step [9330/32801] Loss: 0.1314
Epoch [1/2] Step [9340/32801] Loss: 0.1313
Epoch [1/2] Step [9350/32801] Loss: 0.1313
Epoch [1/2] Step [9360/32801] Loss: 0.1313
Epoch [1/2] Step [9370/32801] Loss: 0.1313
Epoch [1/2] Step [9380/32801] Loss: 0.1313
Epoch [1/2] Step [9390/32801] Loss: 0.1312
Epoch [1/2] Step [9400/32801] Loss: 0.1312
Epoch [1/2] Step [9410/32801] Loss: 0.1312
Epoch [1/2] Step [9420/32801] Loss: 0.1312
Epoch [1/2] Step [9430/32801] Loss: 0.1311
Epoch [1/2] Step [9440/32801] Loss: 0.1312
Epoch [1/2] Step [9450/32801] Loss: 0.1311
Epoch [1/2] Step [9460/32801] Loss: 0.1311
Epoch [1/2] Step [9470/32801] Loss: 0.1310
Epoch [1/2] Step [9480/32801] Loss: 0.1311
Epoch [1/2] Step [9490/32801] Loss: 0.1310
Epoch [1/2] Step [9500/32801] Loss: 0.1310
Epoch [1/2] Step [9510/32801] Loss: 0.1309
Epoch [1/2] Step [9520/32801] Loss: 0.1310
Epoch [1/2] Step [9530/32801] Loss: 0.1309
Epoch [1/2] Step [9540/32801] Loss: 0.1309
Epoch [1/2] Step [9550/32801] Loss: 0.1308
Epoch [1/2] Step [9560/32801] Loss: 0.1309
Epoch [1/2] Step [9570/32801] Loss: 0.1308
Epoch [1/2] Step [9580/32801] Loss: 0.1308
Epoch [1/2] Step [9590/32801] Loss: 0.1307
Epoch [1/2] Step [9600/32801] Loss: 0.1308
Epoch [1/2] Step [9610/32801] Loss: 0.1307
Epoch [1/2] Step [9620/32801] Loss: 0.1307
Epoch [1/2] Step [9630/32801] Loss: 0.1307
Epoch [1/2] Step [9640/32801] Loss: 0.1307
Epoch [1/2] Step [9650/32801] Loss: 0.1306
Epoch [1/2] Step [9660/32801] Loss: 0.1306
Epoch [1/2] Step [9670/32801] Loss: 0.1306
Epoch [1/2] Step [9680/32801] Loss: 0.1306
Epoch [1/2] Step [9690/32801] Loss: 0.1306
Epoch [1/2] Step [9700/32801] Loss: 0.1305
Epoch [1/2] Step [9710/32801] Loss: 0.1305
Epoch [1/2] Step [9720/32801] Loss: 0.1305
Epoch [1/2] Step [9730/32801] Loss: 0.1305
Epoch [1/2] Step [9740/32801] Loss: 0.1304
Epoch [1/2] Step [9750/32801] Loss: 0.1304
Epoch [1/2] Step [9760/32801] Loss: 0.1304
Epoch [1/2] Step [9770/32801] Loss: 0.1304
Epoch [1/2] Step [9780/32801] Loss: 0.1303
Epoch [1/2] Step [9790/32801] Loss: 0.1303
Epoch [1/2] Step [9800/32801] Loss: 0.1303
Epoch [1/2] Step [9810/32801] Loss: 0.1303
Epoch [1/2] Step [9820/32801] Loss: 0.1302
Epoch [1/2] Step [9830/32801] Loss: 0.1302
Epoch [1/2] Step [9840/32801] Loss: 0.1302
Epoch [1/2] Step [9850/32801] Loss: 0.1302
Epoch [1/2] Step [9860/32801] Loss: 0.1301
Epoch [1/2] Step [9870/32801] Loss: 0.1301
Epoch [1/2] Step [9880/32801] Loss: 0.1301
Epoch [1/2] Step [9890/32801] Loss: 0.1301
Epoch [1/2] Step [9900/32801] Loss: 0.1301
Epoch [1/2] Step [9910/32801] Loss: 0.1300
Epoch [1/2] Step [9920/32801] Loss: 0.1300
Epoch [1/2] Step [9930/32801] Loss: 0.1300
Epoch [1/2] Step [9940/32801] Loss: 0.1300
Epoch [1/2] Step [9950/32801] Loss: 0.1299
Epoch [1/2] Step [9960/32801] Loss: 0.1300
Epoch [1/2] Step [9970/32801] Loss: 0.1299
Epoch [1/2] Step [9980/32801] Loss: 0.1299
Epoch [1/2] Step [9990/32801] Loss: 0.1298
Epoch [1/2] Step [10000/32801] Loss: 0.1299
Epoch [1/2] Step [10010/32801] Loss: 0.1298
Epoch [1/2] Step [10020/32801] Loss: 0.1298
Epoch [1/2] Step [10030/32801] Loss: 0.1297
Epoch [1/2] Step [10040/32801] Loss: 0.1298
Epoch [1/2] Step [10050/32801] Loss: 0.1297
Epoch [1/2] Step [10060/32801] Loss: 0.1297
Epoch [1/2] Step [10070/32801] Loss: 0.1297
Epoch [1/2] Step [10080/32801] Loss: 0.1297
Epoch [1/2] Step [10090/32801] Loss: 0.1297
Epoch [1/2] Step [10100/32801] Loss: 0.1296
Epoch [1/2] Step [10110/32801] Loss: 0.1296
Epoch [1/2] Step [10120/32801] Loss: 0.1296
Epoch [1/2] Step [10130/32801] Loss: 0.1296
Epoch [1/2] Step [10140/32801] Loss: 0.1295
Epoch [1/2] Step [10150/32801] Loss: 0.1295
Epoch [1/2] Step [10160/32801] Loss: 0.1295
Epoch [1/2] Step [10170/32801] Loss: 0.1295
Epoch [1/2] Step [10180/32801] Loss: 0.1294
Epoch [1/2] Step [10190/32801] Loss: 0.1294
Epoch [1/2] Step [10200/32801] Loss: 0.1294
Epoch [1/2] Step [10210/32801] Loss: 0.1294
Epoch [1/2] Step [10220/32801] Loss: 0.1293
Epoch [1/2] Step [10230/32801] Loss: 0.1293
Epoch [1/2] Step [10240/32801] Loss: 0.1293
Epoch [1/2] Step [10250/32801] Loss: 0.1293
Epoch [1/2] Step [10260/32801] Loss: 0.1293
Epoch [1/2] Step [10270/32801] Loss: 0.1292
Epoch [1/2] Step [10280/32801] Loss: 0.1293
Epoch [1/2] Step [10290/32801] Loss: 0.1292
Epoch [1/2] Step [10300/32801] Loss: 0.1292
Epoch [1/2] Step [10310/32801] Loss: 0.1291
Epoch [1/2] Step [10320/32801] Loss: 0.1292
Epoch [1/2] Step [10330/32801] Loss: 0.1291
Epoch [1/2] Step [10340/32801] Loss: 0.1291
Epoch [1/2] Step [10350/32801] Loss: 0.1290
Epoch [1/2] Step [10360/32801] Loss: 0.1291
Epoch [1/2] Step [10370/32801] Loss: 0.1290
Epoch [1/2] Step [10380/32801] Loss: 0.1290
Epoch [1/2] Step [10390/32801] Loss: 0.1289
Epoch [1/2] Step [10400/32801] Loss: 0.1290
Epoch [1/2] Step [10410/32801] Loss: 0.1289
Epoch [1/2] Step [10420/32801] Loss: 0.1289
Epoch [1/2] Step [10430/32801] Loss: 0.1289
Epoch [1/2] Step [10440/32801] Loss: 0.1289
Epoch [1/2] Step [10450/32801] Loss: 0.1289
Epoch [1/2] Step [10460/32801] Loss: 0.1288
Epoch [1/2] Step [10470/32801] Loss: 0.1288
Epoch [1/2] Step [10480/32801] Loss: 0.1288
Epoch [1/2] Step [10490/32801] Loss: 0.1288
Epoch [1/2] Step [10500/32801] Loss: 0.1287
Epoch [1/2] Step [10510/32801] Loss: 0.1287
Epoch [1/2] Step [10520/32801] Loss: 0.1287
Epoch [1/2] Step [10530/32801] Loss: 0.1287
Epoch [1/2] Step [10540/32801] Loss: 0.1287
Epoch [1/2] Step [10550/32801] Loss: 0.1286
Epoch [1/2] Step [10560/32801] Loss: 0.1287
Epoch [1/2] Step [10570/32801] Loss: 0.1286
Epoch [1/2] Step [10580/32801] Loss: 0.1286
Epoch [1/2] Step [10590/32801] Loss: 0.1285
Epoch [1/2] Step [10600/32801] Loss: 0.1286
Epoch [1/2] Step [10610/32801] Loss: 0.1285
Epoch [1/2] Step [10620/32801] Loss: 0.1285
Epoch [1/2] Step [10630/32801] Loss: 0.1284
Epoch [1/2] Step [10640/32801] Loss: 0.1285
Epoch [1/2] Step [10650/32801] Loss: 0.1284
Epoch [1/2] Step [10660/32801] Loss: 0.1284
Epoch [1/2] Step [10670/32801] Loss: 0.1284
Epoch [1/2] Step [10680/32801] Loss: 0.1284
Epoch [1/2] Step [10690/32801] Loss: 0.1284
Epoch [1/2] Step [10700/32801] Loss: 0.1283
Epoch [1/2] Step [10710/32801] Loss: 0.1283
Epoch [1/2] Step [10720/32801] Loss: 0.1283
Epoch [1/2] Step [10730/32801] Loss: 0.1283
Epoch [1/2] Step [10740/32801] Loss: 0.1282
Epoch [1/2] Step [10750/32801] Loss: 0.1282
Epoch [1/2] Step [10760/32801] Loss: 0.1282
Epoch [1/2] Step [10770/32801] Loss: 0.1282
Epoch [1/2] Step [10780/32801] Loss: 0.1282
Epoch [1/2] Step [10790/32801] Loss: 0.1281
Epoch [1/2] Step [10800/32801] Loss: 0.1282
Epoch [1/2] Step [10810/32801] Loss: 0.1281
Epoch [1/2] Step [10820/32801] Loss: 0.1281
Epoch [1/2] Step [10830/32801] Loss: 0.1280
Epoch [1/2] Step [10840/32801] Loss: 0.1281
Epoch [1/2] Step [10850/32801] Loss: 0.1280
Epoch [1/2] Step [10860/32801] Loss: 0.1280
Epoch [1/2] Step [10870/32801] Loss: 0.1280
Epoch [1/2] Step [10880/32801] Loss: 0.1280
Epoch [1/2] Step [10890/32801] Loss: 0.1279
Epoch [1/2] Step [10900/32801] Loss: 0.1279
Epoch [1/2] Step [10910/32801] Loss: 0.1279
Epoch [1/2] Step [10920/32801] Loss: 0.1279
Epoch [1/2] Step [10930/32801] Loss: 0.1279
Epoch [1/2] Step [10940/32801] Loss: 0.1278
Epoch [1/2] Step [10950/32801] Loss: 0.1278
Epoch [1/2] Step [10960/32801] Loss: 0.1278
Epoch [1/2] Step [10970/32801] Loss: 0.1278
Epoch [1/2] Step [10980/32801] Loss: 0.1277
Epoch [1/2] Step [10990/32801] Loss: 0.1277
Epoch [1/2] Step [11000/32801] Loss: 0.1277
Epoch [1/2] Step [11010/32801] Loss: 0.1277
Epoch [1/2] Step [11020/32801] Loss: 0.1277
Epoch [1/2] Step [11030/32801] Loss: 0.1276
Epoch [1/2] Step [11040/32801] Loss: 0.1277
Epoch [1/2] Step [11050/32801] Loss: 0.1276
Epoch [1/2] Step [11060/32801] Loss: 0.1276
Epoch [1/2] Step [11070/32801] Loss: 0.1275
Epoch [1/2] Step [11080/32801] Loss: 0.1276
Epoch [1/2] Step [11090/32801] Loss: 0.1275
Epoch [1/2] Step [11100/32801] Loss: 0.1275
Epoch [1/2] Step [11110/32801] Loss: 0.1275
Epoch [1/2] Step [11120/32801] Loss: 0.1275
Epoch [1/2] Step [11130/32801] Loss: 0.1275
Epoch [1/2] Step [11140/32801] Loss: 0.1274
Epoch [1/2] Step [11150/32801] Loss: 0.1274
Epoch [1/2] Step [11160/32801] Loss: 0.1274
Epoch [1/2] Step [11170/32801] Loss: 0.1274
Epoch [1/2] Step [11180/32801] Loss: 0.1273
Epoch [1/2] Step [11190/32801] Loss: 0.1273
Epoch [1/2] Step [11200/32801] Loss: 0.1273
Epoch [1/2] Step [11210/32801] Loss: 0.1273
Epoch [1/2] Step [11220/32801] Loss: 0.1273
Epoch [1/2] Step [11230/32801] Loss: 0.1272
Epoch [1/2] Step [11240/32801] Loss: 0.1273
Epoch [1/2] Step [11250/32801] Loss: 0.1272
Epoch [1/2] Step [11260/32801] Loss: 0.1272
Epoch [1/2] Step [11270/32801] Loss: 0.1272
Epoch [1/2] Step [11280/32801] Loss: 0.1272
Epoch [1/2] Step [11290/32801] Loss: 0.1272
Epoch [1/2] Step [11300/32801] Loss: 0.1271
Epoch [1/2] Step [11310/32801] Loss: 0.1271
Epoch [1/2] Step [11320/32801] Loss: 0.1271
Epoch [1/2] Step [11330/32801] Loss: 0.1271
Epoch [1/2] Step [11340/32801] Loss: 0.1270
Epoch [1/2] Step [11350/32801] Loss: 0.1270
Epoch [1/2] Step [11360/32801] Loss: 0.1270
Epoch [1/2] Step [11370/32801] Loss: 0.1270
Epoch [1/2] Step [11380/32801] Loss: 0.1270
Epoch [1/2] Step [11390/32801] Loss: 0.1269
Epoch [1/2] Step [11400/32801] Loss: 0.1270
Epoch [1/2] Step [11410/32801] Loss: 0.1269
Epoch [1/2] Step [11420/32801] Loss: 0.1269
Epoch [1/2] Step [11430/32801] Loss: 0.1268
Epoch [1/2] Step [11440/32801] Loss: 0.1269
Epoch [1/2] Step [11450/32801] Loss: 0.1268
Epoch [1/2] Step [11460/32801] Loss: 0.1268
Epoch [1/2] Step [11470/32801] Loss: 0.1268
Epoch [1/2] Step [11480/32801] Loss: 0.1268
Epoch [1/2] Step [11490/32801] Loss: 0.1268
Epoch [1/2] Step [11500/32801] Loss: 0.1267
Epoch [1/2] Step [11510/32801] Loss: 0.1267
Epoch [1/2] Step [11520/32801] Loss: 0.1267
Epoch [1/2] Step [11530/32801] Loss: 0.1267
Epoch [1/2] Step [11540/32801] Loss: 0.1266
Epoch [1/2] Step [11550/32801] Loss: 0.1266
Epoch [1/2] Step [11560/32801] Loss: 0.1266
Epoch [1/2] Step [11570/32801] Loss: 0.1266
Epoch [1/2] Step [11580/32801] Loss: 0.1266
Epoch [1/2] Step [11590/32801] Loss: 0.1265
Epoch [1/2] Step [11600/32801] Loss: 0.1266
Epoch [1/2] Step [11610/32801] Loss: 0.1265
Epoch [1/2] Step [11620/32801] Loss: 0.1265
Epoch [1/2] Step [11630/32801] Loss: 0.1265
Epoch [1/2] Step [11640/32801] Loss: 0.1265
Epoch [1/2] Step [11650/32801] Loss: 0.1265
Epoch [1/2] Step [11660/32801] Loss: 0.1264
Epoch [1/2] Step [11670/32801] Loss: 0.1264
Epoch [1/2] Step [11680/32801] Loss: 0.1264
Epoch [1/2] Step [11690/32801] Loss: 0.1264
Epoch [1/2] Step [11700/32801] Loss: 0.1263
Epoch [1/2] Step [11710/32801] Loss: 0.1263
Epoch [1/2] Step [11720/32801] Loss: 0.1263
Epoch [1/2] Step [11730/32801] Loss: 0.1263
Epoch [1/2] Step [11740/32801] Loss: 0.1263
Epoch [1/2] Step [11750/32801] Loss: 0.1262
Epoch [1/2] Step [11760/32801] Loss: 0.1263
Epoch [1/2] Step [11770/32801] Loss: 0.1262
Epoch [1/2] Step [11780/32801] Loss: 0.1262
Epoch [1/2] Step [11790/32801] Loss: 0.1262
Epoch [1/2] Step [11800/32801] Loss: 0.1262
Epoch [1/2] Step [11810/32801] Loss: 0.1262
Epoch [1/2] Step [11820/32801] Loss: 0.1261
Epoch [1/2] Step [11830/32801] Loss: 0.1261
Epoch [1/2] Step [11840/32801] Loss: 0.1261
Epoch [1/2] Step [11850/32801] Loss: 0.1261
Epoch [1/2] Step [11860/32801] Loss: 0.1260
Epoch [1/2] Step [11870/32801] Loss: 0.1260
Epoch [1/2] Step [11880/32801] Loss: 0.1260
Epoch [1/2] Step [11890/32801] Loss: 0.1260
Epoch [1/2] Step [11900/32801] Loss: 0.1260
Epoch [1/2] Step [11910/32801] Loss: 0.1259
Epoch [1/2] Step [11920/32801] Loss: 0.1260
Epoch [1/2] Step [11930/32801] Loss: 0.1259
Epoch [1/2] Step [11940/32801] Loss: 0.1259
Epoch [1/2] Step [11950/32801] Loss: 0.1259
Epoch [1/2] Step [11960/32801] Loss: 0.1259
Epoch [1/2] Step [11970/32801] Loss: 0.1259
Epoch [1/2] Step [11980/32801] Loss: 0.1258
Epoch [1/2] Step [11990/32801] Loss: 0.1258
Epoch [1/2] Step [12000/32801] Loss: 0.1258
Epoch [1/2] Step [12010/32801] Loss: 0.1258
Epoch [1/2] Step [12020/32801] Loss: 0.1257
Epoch [1/2] Step [12030/32801] Loss: 0.1257
Epoch [1/2] Step [12040/32801] Loss: 0.1257
Epoch [1/2] Step [12050/32801] Loss: 0.1257
Epoch [1/2] Step [12060/32801] Loss: 0.1257
Epoch [1/2] Step [12070/32801] Loss: 0.1256
Epoch [1/2] Step [12080/32801] Loss: 0.1257
Epoch [1/2] Step [12090/32801] Loss: 0.1256
Epoch [1/2] Step [12100/32801] Loss: 0.1256
Epoch [1/2] Step [12110/32801] Loss: 0.1256
Epoch [1/2] Step [12120/32801] Loss: 0.1256
Epoch [1/2] Step [12130/32801] Loss: 0.1256
Epoch [1/2] Step [12140/32801] Loss: 0.1255
Epoch [1/2] Step [12150/32801] Loss: 0.1255
Epoch [1/2] Step [12160/32801] Loss: 0.1255
Epoch [1/2] Step [12170/32801] Loss: 0.1255
Epoch [1/2] Step [12180/32801] Loss: 0.1255
Epoch [1/2] Step [12190/32801] Loss: 0.1254
Epoch [1/2] Step [12200/32801] Loss: 0.1254
Epoch [1/2] Step [12210/32801] Loss: 0.1254
Epoch [1/2] Step [12220/32801] Loss: 0.1254
Epoch [1/2] Step [12230/32801] Loss: 0.1253
Epoch [1/2] Step [12240/32801] Loss: 0.1254
Epoch [1/2] Step [12250/32801] Loss: 0.1253
Epoch [1/2] Step [12260/32801] Loss: 0.1253
Epoch [1/2] Step [12270/32801] Loss: 0.1253
Epoch [1/2] Step [12280/32801] Loss: 0.1253
Epoch [1/2] Step [12290/32801] Loss: 0.1253
Epoch [1/2] Step [12300/32801] Loss: 0.1252
Epoch [1/2] Step [12310/32801] Loss: 0.1252
Epoch [1/2] Step [12320/32801] Loss: 0.1252
Epoch [1/2] Step [12330/32801] Loss: 0.1252
Epoch [1/2] Step [12340/32801] Loss: 0.1252
Epoch [1/2] Step [12350/32801] Loss: 0.1251
Epoch [1/2] Step [12360/32801] Loss: 0.1252
Epoch [1/2] Step [12370/32801] Loss: 0.1251
Epoch [1/2] Step [12380/32801] Loss: 0.1251
Epoch [1/2] Step [12390/32801] Loss: 0.1251
Epoch [1/2] Step [12400/32801] Loss: 0.1251
Epoch [1/2] Step [12410/32801] Loss: 0.1251
Epoch [1/2] Step [12420/32801] Loss: 0.1250
Epoch [1/2] Step [12430/32801] Loss: 0.1250
Epoch [1/2] Step [12440/32801] Loss: 0.1250
Epoch [1/2] Step [12450/32801] Loss: 0.1250
Epoch [1/2] Step [12460/32801] Loss: 0.1249
Epoch [1/2] Step [12470/32801] Loss: 0.1249
Epoch [1/2] Step [12480/32801] Loss: 0.1249
Epoch [1/2] Step [12490/32801] Loss: 0.1249
Epoch [1/2] Step [12500/32801] Loss: 0.1249
Epoch [1/2] Step [12510/32801] Loss: 0.1248
Epoch [1/2] Step [12520/32801] Loss: 0.1249
Epoch [1/2] Step [12530/32801] Loss: 0.1248
Epoch [1/2] Step [12540/32801] Loss: 0.1248
Epoch [1/2] Step [12550/32801] Loss: 0.1248
Epoch [1/2] Step [12560/32801] Loss: 0.1248
Epoch [1/2] Step [12570/32801] Loss: 0.1248
Epoch [1/2] Step [12580/32801] Loss: 0.1247
Epoch [1/2] Step [12590/32801] Loss: 0.1247
Epoch [1/2] Step [12600/32801] Loss: 0.1247
Epoch [1/2] Step [12610/32801] Loss: 0.1247
Epoch [1/2] Step [12620/32801] Loss: 0.1247
Epoch [1/2] Step [12630/32801] Loss: 0.1246
Epoch [1/2] Step [12640/32801] Loss: 0.1247
Epoch [1/2] Step [12650/32801] Loss: 0.1246
Epoch [1/2] Step [12660/32801] Loss: 0.1246
Epoch [1/2] Step [12670/32801] Loss: 0.1246
Epoch [1/2] Step [12680/32801] Loss: 0.1246
Epoch [1/2] Step [12690/32801] Loss: 0.1246
Epoch [1/2] Step [12700/32801] Loss: 0.1245
Epoch [1/2] Step [12710/32801] Loss: 0.1245
Epoch [1/2] Step [12720/32801] Loss: 0.1245
Epoch [1/2] Step [12730/32801] Loss: 0.1245
Epoch [1/2] Step [12740/32801] Loss: 0.1244
Epoch [1/2] Step [12750/32801] Loss: 0.1244
Epoch [1/2] Step [12760/32801] Loss: 0.1244
Epoch [1/2] Step [12770/32801] Loss: 0.1244
Epoch [1/2] Step [12780/32801] Loss: 0.1244
Epoch [1/2] Step [12790/32801] Loss: 0.1244
Epoch [1/2] Step [12800/32801] Loss: 0.1244
Epoch [1/2] Step [12810/32801] Loss: 0.1243
Epoch [1/2] Step [12820/32801] Loss: 0.1243
Epoch [1/2] Step [12830/32801] Loss: 0.1243
Epoch [1/2] Step [12840/32801] Loss: 0.1243
Epoch [1/2] Step [12850/32801] Loss: 0.1243
Epoch [1/2] Step [12860/32801] Loss: 0.1243
Epoch [1/2] Step [12870/32801] Loss: 0.1242
Epoch [1/2] Step [12880/32801] Loss: 0.1243
Epoch [1/2] Step [12890/32801] Loss: 0.1242
Epoch [1/2] Step [12900/32801] Loss: 0.1242
Epoch [1/2] Step [12910/32801] Loss: 0.1242
Epoch [1/2] Step [12920/32801] Loss: 0.1242
Epoch [1/2] Step [12930/32801] Loss: 0.1242
Epoch [1/2] Step [12940/32801] Loss: 0.1241
Epoch [1/2] Step [12950/32801] Loss: 0.1241
Epoch [1/2] Step [12960/32801] Loss: 0.1241
Epoch [1/2] Step [12970/32801] Loss: 0.1241
Epoch [1/2] Step [12980/32801] Loss: 0.1241
Epoch [1/2] Step [12990/32801] Loss: 0.1240
Epoch [1/2] Step [13000/32801] Loss: 0.1241
Epoch [1/2] Step [13010/32801] Loss: 0.1240
Epoch [1/2] Step [13020/32801] Loss: 0.1240
Epoch [1/2] Step [13030/32801] Loss: 0.1240
Epoch [1/2] Step [13040/32801] Loss: 0.1240
Epoch [1/2] Step [13050/32801] Loss: 0.1240
Epoch [1/2] Step [13060/32801] Loss: 0.1239
Epoch [1/2] Step [13070/32801] Loss: 0.1239
Epoch [1/2] Step [13080/32801] Loss: 0.1239
Epoch [1/2] Step [13090/32801] Loss: 0.1239
Epoch [1/2] Step [13100/32801] Loss: 0.1239
Epoch [1/2] Step [13110/32801] Loss: 0.1238
Epoch [1/2] Step [13120/32801] Loss: 0.1239
Epoch [1/2] Step [13130/32801] Loss: 0.1238
Epoch [1/2] Step [13140/32801] Loss: 0.1238
Epoch [1/2] Step [13150/32801] Loss: 0.1238
Epoch [1/2] Step [13160/32801] Loss: 0.1238
Epoch [1/2] Step [13170/32801] Loss: 0.1238
Epoch [1/2] Step [13180/32801] Loss: 0.1237
Epoch [1/2] Step [13190/32801] Loss: 0.1237
Epoch [1/2] Step [13200/32801] Loss: 0.1237
Epoch [1/2] Step [13210/32801] Loss: 0.1237
Epoch [1/2] Step [13220/32801] Loss: 0.1237
Epoch [1/2] Step [13230/32801] Loss: 0.1236
Epoch [1/2] Step [13240/32801] Loss: 0.1237
Epoch [1/2] Step [13250/32801] Loss: 0.1236
Epoch [1/2] Step [13260/32801] Loss: 0.1236
Epoch [1/2] Step [13270/32801] Loss: 0.1236
Epoch [1/2] Step [13280/32801] Loss: 0.1236
Epoch [1/2] Step [13290/32801] Loss: 0.1236
Epoch [1/2] Step [13300/32801] Loss: 0.1235
Epoch [1/2] Step [13310/32801] Loss: 0.1235
Epoch [1/2] Step [13320/32801] Loss: 0.1235
Epoch [1/2] Step [13330/32801] Loss: 0.1235
Epoch [1/2] Step [13340/32801] Loss: 0.1235
Epoch [1/2] Step [13350/32801] Loss: 0.1234
Epoch [1/2] Step [13360/32801] Loss: 0.1235
Epoch [1/2] Step [13370/32801] Loss: 0.1234
Epoch [1/2] Step [13380/32801] Loss: 0.1234
Epoch [1/2] Step [13390/32801] Loss: 0.1234
Epoch [1/2] Step [13400/32801] Loss: 0.1234
Epoch [1/2] Step [13410/32801] Loss: 0.1234
Epoch [1/2] Step [13420/32801] Loss: 0.1233
Epoch [1/2] Step [13430/32801] Loss: 0.1233
Epoch [1/2] Step [13440/32801] Loss: 0.1233
Epoch [1/2] Step [13450/32801] Loss: 0.1233
Epoch [1/2] Step [13460/32801] Loss: 0.1233
Epoch [1/2] Step [13470/32801] Loss: 0.1232
Epoch [1/2] Step [13480/32801] Loss: 0.1233
Epoch [1/2] Step [13490/32801] Loss: 0.1232
Epoch [1/2] Step [13500/32801] Loss: 0.1232
Epoch [1/2] Step [13510/32801] Loss: 0.1232
Epoch [1/2] Step [13520/32801] Loss: 0.1232
Epoch [1/2] Step [13530/32801] Loss: 0.1232
Epoch [1/2] Step [13540/32801] Loss: 0.1231
Epoch [1/2] Step [13550/32801] Loss: 0.1231
Epoch [1/2] Step [13560/32801] Loss: 0.1231
Epoch [1/2] Step [13570/32801] Loss: 0.1231
Epoch [1/2] Step [13580/32801] Loss: 0.1231
Epoch [1/2] Step [13590/32801] Loss: 0.1231
Epoch [1/2] Step [13600/32801] Loss: 0.1231
Epoch [1/2] Step [13610/32801] Loss: 0.1231
Epoch [1/2] Step [13620/32801] Loss: 0.1230
Epoch [1/2] Step [13630/32801] Loss: 0.1230
Epoch [1/2] Step [13640/32801] Loss: 0.1230
Epoch [1/2] Step [13650/32801] Loss: 0.1230
Epoch [1/2] Step [13660/32801] Loss: 0.1230
Epoch [1/2] Step [13670/32801] Loss: 0.1229
Epoch [1/2] Step [13680/32801] Loss: 0.1230
Epoch [1/2] Step [13690/32801] Loss: 0.1229
Epoch [1/2] Step [13700/32801] Loss: 0.1229
Epoch [1/2] Step [13710/32801] Loss: 0.1229
Epoch [1/2] Step [13720/32801] Loss: 0.1229
Epoch [1/2] Step [13730/32801] Loss: 0.1229
Epoch [1/2] Step [13740/32801] Loss: 0.1229
Epoch [1/2] Step [13750/32801] Loss: 0.1228
Epoch [1/2] Step [13760/32801] Loss: 0.1229
Epoch [1/2] Step [13770/32801] Loss: 0.1228
Epoch [1/2] Step [13780/32801] Loss: 0.1228
Epoch [1/2] Step [13790/32801] Loss: 0.1228
Epoch [1/2] Step [13800/32801] Loss: 0.1228
Epoch [1/2] Step [13810/32801] Loss: 0.1228
Epoch [1/2] Step [13820/32801] Loss: 0.1227
Epoch [1/2] Step [13830/32801] Loss: 0.1227
Epoch [1/2] Step [13840/32801] Loss: 0.1227
Epoch [1/2] Step [13850/32801] Loss: 0.1227
Epoch [1/2] Step [13860/32801] Loss: 0.1227
Epoch [1/2] Step [13870/32801] Loss: 0.1226
Epoch [1/2] Step [13880/32801] Loss: 0.1227
Epoch [1/2] Step [13890/32801] Loss: 0.1226
Epoch [1/2] Step [13900/32801] Loss: 0.1226
Epoch [1/2] Step [13910/32801] Loss: 0.1226
Epoch [1/2] Step [13920/32801] Loss: 0.1226
Epoch [1/2] Step [13930/32801] Loss: 0.1226
Epoch [1/2] Step [13940/32801] Loss: 0.1225
Epoch [1/2] Step [13950/32801] Loss: 0.1225
Epoch [1/2] Step [13960/32801] Loss: 0.1225
Epoch [1/2] Step [13970/32801] Loss: 0.1225
Epoch [1/2] Step [13980/32801] Loss: 0.1225
Epoch [1/2] Step [13990/32801] Loss: 0.1225
Epoch [1/2] Step [14000/32801] Loss: 0.1225
Epoch [1/2] Step [14010/32801] Loss: 0.1225
Epoch [1/2] Step [14020/32801] Loss: 0.1224
Epoch [1/2] Step [14030/32801] Loss: 0.1224
Epoch [1/2] Step [14040/32801] Loss: 0.1224
Epoch [1/2] Step [14050/32801] Loss: 0.1224
Epoch [1/2] Step [14060/32801] Loss: 0.1224
Epoch [1/2] Step [14070/32801] Loss: 0.1223
Epoch [1/2] Step [14080/32801] Loss: 0.1224
Epoch [1/2] Step [14090/32801] Loss: 0.1223
Epoch [1/2] Step [14100/32801] Loss: 0.1223
Epoch [1/2] Step [14110/32801] Loss: 0.1223
Epoch [1/2] Step [14120/32801] Loss: 0.1223
Epoch [1/2] Step [14130/32801] Loss: 0.1223
Epoch [1/2] Step [14140/32801] Loss: 0.1223
Epoch [1/2] Step [14150/32801] Loss: 0.1222
Epoch [1/2] Step [14160/32801] Loss: 0.1222
Epoch [1/2] Step [14170/32801] Loss: 0.1222
Epoch [1/2] Step [14180/32801] Loss: 0.1222
Epoch [1/2] Step [14190/32801] Loss: 0.1222
Epoch [1/2] Step [14200/32801] Loss: 0.1222
slurmstepd: error: *** JOB 874430 ON gpuz01 CANCELLED AT 2025-04-29T18:12:00 ***
