✅ Python started
Using device: cuda
PREPROCESSING DATA
loading tokenizer
loaded
about to load corpus
loaded corpus
⚠️ Truncating input_ids from 2099306 to 200000
⚠️ Truncating input_ids from 2290103 to 200000
MAKING MODEL
TRAINING MODEL
Traceback (most recent call last):
  File "/scratch4/cs601-dkhasha1/cs601-lgeer3/nlp-final/run_experiment.py", line 69, in <module>
    main()
  File "/scratch4/cs601-dkhasha1/cs601-lgeer3/nlp-final/run_experiment.py", line 53, in main
    train_model(
  File "/scratch4/cs601-dkhasha1/cs601-lgeer3/nlp-final/training/train.py", line 70, in train_model
    scaler = torch.amp.GradScaler(enabled=mixed_precision, device_type="cuda")
             ^^^^^^^^^^^^^^^^^^^^^^^^^^^^^^^^^^^^^^^^^^^^^^^^^^^^^^^^^^^^^^^^^
TypeError: GradScaler.__init__() got an unexpected keyword argument 'device_type'
