✅ SLURM job started: Wed Apr 30 20:03:24 EDT 2025
gpuz03
✅ Python about to run: Wed Apr 30 20:03:24 EDT 2025
/scratch4/cs601-dkhasha1/cs601-lgeer3/nlp-final/model/model.py:159: FutureWarning: `torch.cuda.amp.autocast(args...)` is deprecated. Please use `torch.amp.autocast('cuda', args...)` instead.
  @torch.cuda.amp.autocast()
✅ Python started
/scratch4/cs601-dkhasha1/cs601-lgeer3/nlp-final/training/train.py:71: FutureWarning: `torch.cuda.amp.GradScaler(args...)` is deprecated. Please use `torch.amp.GradScaler('cuda', args...)` instead.
  scaler = GradScaler(enabled=mixed_precision)
Using device: cuda
PREPROCESSING DATA
loading tokenizer
loaded
about to load corpus
loaded corpus
MAKING MODEL
TRAINING MODEL
Epoch 1/3:   0%|          | 0/32801 [00:00<?, ?it/s]/scratch4/cs601-dkhasha1/cs601-lgeer3/nlp-final/training/train.py:97: FutureWarning: `torch.cuda.amp.autocast(args...)` is deprecated. Please use `torch.amp.autocast('cuda', args...)` instead.
  with autocast(enabled=mixed_precision):
/pytorch/aten/src/ATen/native/cuda/Indexing.cu:1553: indexSelectLargeIndex: block: [166,0,0], thread: [32,0,0] Assertion `srcIndex < srcSelectDimSize` failed.
/pytorch/aten/src/ATen/native/cuda/Indexing.cu:1553: indexSelectLargeIndex: block: [166,0,0], thread: [33,0,0] Assertion `srcIndex < srcSelectDimSize` failed.
/pytorch/aten/src/ATen/native/cuda/Indexing.cu:1553: indexSelectLargeIndex: block: [166,0,0], thread: [34,0,0] Assertion `srcIndex < srcSelectDimSize` failed.
/pytorch/aten/src/ATen/native/cuda/Indexing.cu:1553: indexSelectLargeIndex: block: [166,0,0], thread: [35,0,0] Assertion `srcIndex < srcSelectDimSize` failed.
/pytorch/aten/src/ATen/native/cuda/Indexing.cu:1553: indexSelectLargeIndex: block: [166,0,0], thread: [36,0,0] Assertion `srcIndex < srcSelectDimSize` failed.
/pytorch/aten/src/ATen/native/cuda/Indexing.cu:1553: indexSelectLargeIndex: block: [166,0,0], thread: [37,0,0] Assertion `srcIndex < srcSelectDimSize` failed.
/pytorch/aten/src/ATen/native/cuda/Indexing.cu:1553: indexSelectLargeIndex: block: [166,0,0], thread: [38,0,0] Assertion `srcIndex < srcSelectDimSize` failed.
/pytorch/aten/src/ATen/native/cuda/Indexing.cu:1553: indexSelectLargeIndex: block: [166,0,0], thread: [39,0,0] Assertion `srcIndex < srcSelectDimSize` failed.
/pytorch/aten/src/ATen/native/cuda/Indexing.cu:1553: indexSelectLargeIndex: block: [166,0,0], thread: [40,0,0] Assertion `srcIndex < srcSelectDimSize` failed.
/pytorch/aten/src/ATen/native/cuda/Indexing.cu:1553: indexSelectLargeIndex: block: [166,0,0], thread: [41,0,0] Assertion `srcIndex < srcSelectDimSize` failed.
/pytorch/aten/src/ATen/native/cuda/Indexing.cu:1553: indexSelectLargeIndex: block: [166,0,0], thread: [42,0,0] Assertion `srcIndex < srcSelectDimSize` failed.
/pytorch/aten/src/ATen/native/cuda/Indexing.cu:1553: indexSelectLargeIndex: block: [166,0,0], thread: [43,0,0] Assertion `srcIndex < srcSelectDimSize` failed.
/pytorch/aten/src/ATen/native/cuda/Indexing.cu:1553: indexSelectLargeIndex: block: [166,0,0], thread: [44,0,0] Assertion `srcIndex < srcSelectDimSize` failed.
/pytorch/aten/src/ATen/native/cuda/Indexing.cu:1553: indexSelectLargeIndex: block: [166,0,0], thread: [45,0,0] Assertion `srcIndex < srcSelectDimSize` failed.
/pytorch/aten/src/ATen/native/cuda/Indexing.cu:1553: indexSelectLargeIndex: block: [166,0,0], thread: [46,0,0] Assertion `srcIndex < srcSelectDimSize` failed.
/pytorch/aten/src/ATen/native/cuda/Indexing.cu:1553: indexSelectLargeIndex: block: [166,0,0], thread: [47,0,0] Assertion `srcIndex < srcSelectDimSize` failed.
/pytorch/aten/src/ATen/native/cuda/Indexing.cu:1553: indexSelectLargeIndex: block: [166,0,0], thread: [48,0,0] Assertion `srcIndex < srcSelectDimSize` failed.
/pytorch/aten/src/ATen/native/cuda/Indexing.cu:1553: indexSelectLargeIndex: block: [166,0,0], thread: [49,0,0] Assertion `srcIndex < srcSelectDimSize` failed.
/pytorch/aten/src/ATen/native/cuda/Indexing.cu:1553: indexSelectLargeIndex: block: [166,0,0], thread: [50,0,0] Assertion `srcIndex < srcSelectDimSize` failed.
/pytorch/aten/src/ATen/native/cuda/Indexing.cu:1553: indexSelectLargeIndex: block: [166,0,0], thread: [51,0,0] Assertion `srcIndex < srcSelectDimSize` failed.
/pytorch/aten/src/ATen/native/cuda/Indexing.cu:1553: indexSelectLargeIndex: block: [166,0,0], thread: [52,0,0] Assertion `srcIndex < srcSelectDimSize` failed.
/pytorch/aten/src/ATen/native/cuda/Indexing.cu:1553: indexSelectLargeIndex: block: [166,0,0], thread: [53,0,0] Assertion `srcIndex < srcSelectDimSize` failed.
/pytorch/aten/src/ATen/native/cuda/Indexing.cu:1553: indexSelectLargeIndex: block: [166,0,0], thread: [54,0,0] Assertion `srcIndex < srcSelectDimSize` failed.
/pytorch/aten/src/ATen/native/cuda/Indexing.cu:1553: indexSelectLargeIndex: block: [166,0,0], thread: [55,0,0] Assertion `srcIndex < srcSelectDimSize` failed.
/pytorch/aten/src/ATen/native/cuda/Indexing.cu:1553: indexSelectLargeIndex: block: [166,0,0], thread: [56,0,0] Assertion `srcIndex < srcSelectDimSize` failed.
/pytorch/aten/src/ATen/native/cuda/Indexing.cu:1553: indexSelectLargeIndex: block: [166,0,0], thread: [57,0,0] Assertion `srcIndex < srcSelectDimSize` failed.
/pytorch/aten/src/ATen/native/cuda/Indexing.cu:1553: indexSelectLargeIndex: block: [166,0,0], thread: [58,0,0] Assertion `srcIndex < srcSelectDimSize` failed.
/pytorch/aten/src/ATen/native/cuda/Indexing.cu:1553: indexSelectLargeIndex: block: [166,0,0], thread: [59,0,0] Assertion `srcIndex < srcSelectDimSize` failed.
/pytorch/aten/src/ATen/native/cuda/Indexing.cu:1553: indexSelectLargeIndex: block: [166,0,0], thread: [60,0,0] Assertion `srcIndex < srcSelectDimSize` failed.
/pytorch/aten/src/ATen/native/cuda/Indexing.cu:1553: indexSelectLargeIndex: block: [166,0,0], thread: [61,0,0] Assertion `srcIndex < srcSelectDimSize` failed.
/pytorch/aten/src/ATen/native/cuda/Indexing.cu:1553: indexSelectLargeIndex: block: [166,0,0], thread: [62,0,0] Assertion `srcIndex < srcSelectDimSize` failed.
/pytorch/aten/src/ATen/native/cuda/Indexing.cu:1553: indexSelectLargeIndex: block: [166,0,0], thread: [63,0,0] Assertion `srcIndex < srcSelectDimSize` failed.
/pytorch/aten/src/ATen/native/cuda/Indexing.cu:1553: indexSelectLargeIndex: block: [166,0,0], thread: [0,0,0] Assertion `srcIndex < srcSelectDimSize` failed.
/pytorch/aten/src/ATen/native/cuda/Indexing.cu:1553: indexSelectLargeIndex: block: [166,0,0], thread: [1,0,0] Assertion `srcIndex < srcSelectDimSize` failed.
/pytorch/aten/src/ATen/native/cuda/Indexing.cu:1553: indexSelectLargeIndex: block: [166,0,0], thread: [2,0,0] Assertion `srcIndex < srcSelectDimSize` failed.
/pytorch/aten/src/ATen/native/cuda/Indexing.cu:1553: indexSelectLargeIndex: block: [166,0,0], thread: [3,0,0] Assertion `srcIndex < srcSelectDimSize` failed.
/pytorch/aten/src/ATen/native/cuda/Indexing.cu:1553: indexSelectLargeIndex: block: [166,0,0], thread: [4,0,0] Assertion `srcIndex < srcSelectDimSize` failed.
/pytorch/aten/src/ATen/native/cuda/Indexing.cu:1553: indexSelectLargeIndex: block: [166,0,0], thread: [5,0,0] Assertion `srcIndex < srcSelectDimSize` failed.
/pytorch/aten/src/ATen/native/cuda/Indexing.cu:1553: indexSelectLargeIndex: block: [166,0,0], thread: [6,0,0] Assertion `srcIndex < srcSelectDimSize` failed.
/pytorch/aten/src/ATen/native/cuda/Indexing.cu:1553: indexSelectLargeIndex: block: [166,0,0], thread: [7,0,0] Assertion `srcIndex < srcSelectDimSize` failed.
/pytorch/aten/src/ATen/native/cuda/Indexing.cu:1553: indexSelectLargeIndex: block: [166,0,0], thread: [8,0,0] Assertion `srcIndex < srcSelectDimSize` failed.
/pytorch/aten/src/ATen/native/cuda/Indexing.cu:1553: indexSelectLargeIndex: block: [166,0,0], thread: [9,0,0] Assertion `srcIndex < srcSelectDimSize` failed.
/pytorch/aten/src/ATen/native/cuda/Indexing.cu:1553: indexSelectLargeIndex: block: [166,0,0], thread: [10,0,0] Assertion `srcIndex < srcSelectDimSize` failed.
/pytorch/aten/src/ATen/native/cuda/Indexing.cu:1553: indexSelectLargeIndex: block: [166,0,0], thread: [11,0,0] Assertion `srcIndex < srcSelectDimSize` failed.
/pytorch/aten/src/ATen/native/cuda/Indexing.cu:1553: indexSelectLargeIndex: block: [166,0,0], thread: [12,0,0] Assertion `srcIndex < srcSelectDimSize` failed.
/pytorch/aten/src/ATen/native/cuda/Indexing.cu:1553: indexSelectLargeIndex: block: [166,0,0], thread: [13,0,0] Assertion `srcIndex < srcSelectDimSize` failed.
/pytorch/aten/src/ATen/native/cuda/Indexing.cu:1553: indexSelectLargeIndex: block: [166,0,0], thread: [14,0,0] Assertion `srcIndex < srcSelectDimSize` failed.
/pytorch/aten/src/ATen/native/cuda/Indexing.cu:1553: indexSelectLargeIndex: block: [166,0,0], thread: [15,0,0] Assertion `srcIndex < srcSelectDimSize` failed.
/pytorch/aten/src/ATen/native/cuda/Indexing.cu:1553: indexSelectLargeIndex: block: [166,0,0], thread: [16,0,0] Assertion `srcIndex < srcSelectDimSize` failed.
/pytorch/aten/src/ATen/native/cuda/Indexing.cu:1553: indexSelectLargeIndex: block: [166,0,0], thread: [17,0,0] Assertion `srcIndex < srcSelectDimSize` failed.
/pytorch/aten/src/ATen/native/cuda/Indexing.cu:1553: indexSelectLargeIndex: block: [166,0,0], thread: [18,0,0] Assertion `srcIndex < srcSelectDimSize` failed.
/pytorch/aten/src/ATen/native/cuda/Indexing.cu:1553: indexSelectLargeIndex: block: [166,0,0], thread: [19,0,0] Assertion `srcIndex < srcSelectDimSize` failed.
/pytorch/aten/src/ATen/native/cuda/Indexing.cu:1553: indexSelectLargeIndex: block: [166,0,0], thread: [20,0,0] Assertion `srcIndex < srcSelectDimSize` failed.
/pytorch/aten/src/ATen/native/cuda/Indexing.cu:1553: indexSelectLargeIndex: block: [166,0,0], thread: [21,0,0] Assertion `srcIndex < srcSelectDimSize` failed.
/pytorch/aten/src/ATen/native/cuda/Indexing.cu:1553: indexSelectLargeIndex: block: [166,0,0], thread: [22,0,0] Assertion `srcIndex < srcSelectDimSize` failed.
/pytorch/aten/src/ATen/native/cuda/Indexing.cu:1553: indexSelectLargeIndex: block: [166,0,0], thread: [23,0,0] Assertion `srcIndex < srcSelectDimSize` failed.
/pytorch/aten/src/ATen/native/cuda/Indexing.cu:1553: indexSelectLargeIndex: block: [166,0,0], thread: [24,0,0] Assertion `srcIndex < srcSelectDimSize` failed.
/pytorch/aten/src/ATen/native/cuda/Indexing.cu:1553: indexSelectLargeIndex: block: [166,0,0], thread: [25,0,0] Assertion `srcIndex < srcSelectDimSize` failed.
/pytorch/aten/src/ATen/native/cuda/Indexing.cu:1553: indexSelectLargeIndex: block: [166,0,0], thread: [26,0,0] Assertion `srcIndex < srcSelectDimSize` failed.
/pytorch/aten/src/ATen/native/cuda/Indexing.cu:1553: indexSelectLargeIndex: block: [166,0,0], thread: [27,0,0] Assertion `srcIndex < srcSelectDimSize` failed.
/pytorch/aten/src/ATen/native/cuda/Indexing.cu:1553: indexSelectLargeIndex: block: [166,0,0], thread: [28,0,0] Assertion `srcIndex < srcSelectDimSize` failed.
/pytorch/aten/src/ATen/native/cuda/Indexing.cu:1553: indexSelectLargeIndex: block: [166,0,0], thread: [29,0,0] Assertion `srcIndex < srcSelectDimSize` failed.
/pytorch/aten/src/ATen/native/cuda/Indexing.cu:1553: indexSelectLargeIndex: block: [166,0,0], thread: [30,0,0] Assertion `srcIndex < srcSelectDimSize` failed.
/pytorch/aten/src/ATen/native/cuda/Indexing.cu:1553: indexSelectLargeIndex: block: [166,0,0], thread: [31,0,0] Assertion `srcIndex < srcSelectDimSize` failed.
/pytorch/aten/src/ATen/native/cuda/Indexing.cu:1553: indexSelectLargeIndex: block: [166,0,0], thread: [96,0,0] Assertion `srcIndex < srcSelectDimSize` failed.
/pytorch/aten/src/ATen/native/cuda/Indexing.cu:1553: indexSelectLargeIndex: block: [166,0,0], thread: [97,0,0] Assertion `srcIndex < srcSelectDimSize` failed.
/pytorch/aten/src/ATen/native/cuda/Indexing.cu:1553: indexSelectLargeIndex: block: [166,0,0], thread: [98,0,0] Assertion `srcIndex < srcSelectDimSize` failed.
/pytorch/aten/src/ATen/native/cuda/Indexing.cu:1553: indexSelectLargeIndex: block: [166,0,0], thread: [99,0,0] Assertion `srcIndex < srcSelectDimSize` failed.
/pytorch/aten/src/ATen/native/cuda/Indexing.cu:1553: indexSelectLargeIndex: block: [166,0,0], thread: [100,0,0] Assertion `srcIndex < srcSelectDimSize` failed.
/pytorch/aten/src/ATen/native/cuda/Indexing.cu:1553: indexSelectLargeIndex: block: [166,0,0], thread: [101,0,0] Assertion `srcIndex < srcSelectDimSize` failed.
/pytorch/aten/src/ATen/native/cuda/Indexing.cu:1553: indexSelectLargeIndex: block: [166,0,0], thread: [102,0,0] Assertion `srcIndex < srcSelectDimSize` failed.
/pytorch/aten/src/ATen/native/cuda/Indexing.cu:1553: indexSelectLargeIndex: block: [166,0,0], thread: [103,0,0] Assertion `srcIndex < srcSelectDimSize` failed.
/pytorch/aten/src/ATen/native/cuda/Indexing.cu:1553: indexSelectLargeIndex: block: [166,0,0], thread: [104,0,0] Assertion `srcIndex < srcSelectDimSize` failed.
/pytorch/aten/src/ATen/native/cuda/Indexing.cu:1553: indexSelectLargeIndex: block: [166,0,0], thread: [105,0,0] Assertion `srcIndex < srcSelectDimSize` failed.
/pytorch/aten/src/ATen/native/cuda/Indexing.cu:1553: indexSelectLargeIndex: block: [166,0,0], thread: [106,0,0] Assertion `srcIndex < srcSelectDimSize` failed.
/pytorch/aten/src/ATen/native/cuda/Indexing.cu:1553: indexSelectLargeIndex: block: [166,0,0], thread: [107,0,0] Assertion `srcIndex < srcSelectDimSize` failed.
/pytorch/aten/src/ATen/native/cuda/Indexing.cu:1553: indexSelectLargeIndex: block: [166,0,0], thread: [108,0,0] Assertion `srcIndex < srcSelectDimSize` failed.
/pytorch/aten/src/ATen/native/cuda/Indexing.cu:1553: indexSelectLargeIndex: block: [166,0,0], thread: [109,0,0] Assertion `srcIndex < srcSelectDimSize` failed.
/pytorch/aten/src/ATen/native/cuda/Indexing.cu:1553: indexSelectLargeIndex: block: [166,0,0], thread: [110,0,0] Assertion `srcIndex < srcSelectDimSize` failed.
/pytorch/aten/src/ATen/native/cuda/Indexing.cu:1553: indexSelectLargeIndex: block: [166,0,0], thread: [111,0,0] Assertion `srcIndex < srcSelectDimSize` failed.
/pytorch/aten/src/ATen/native/cuda/Indexing.cu:1553: indexSelectLargeIndex: block: [166,0,0], thread: [112,0,0] Assertion `srcIndex < srcSelectDimSize` failed.
/pytorch/aten/src/ATen/native/cuda/Indexing.cu:1553: indexSelectLargeIndex: block: [166,0,0], thread: [113,0,0] Assertion `srcIndex < srcSelectDimSize` failed.
/pytorch/aten/src/ATen/native/cuda/Indexing.cu:1553: indexSelectLargeIndex: block: [166,0,0], thread: [114,0,0] Assertion `srcIndex < srcSelectDimSize` failed.
/pytorch/aten/src/ATen/native/cuda/Indexing.cu:1553: indexSelectLargeIndex: block: [166,0,0], thread: [115,0,0] Assertion `srcIndex < srcSelectDimSize` failed.
/pytorch/aten/src/ATen/native/cuda/Indexing.cu:1553: indexSelectLargeIndex: block: [166,0,0], thread: [116,0,0] Assertion `srcIndex < srcSelectDimSize` failed.
/pytorch/aten/src/ATen/native/cuda/Indexing.cu:1553: indexSelectLargeIndex: block: [166,0,0], thread: [117,0,0] Assertion `srcIndex < srcSelectDimSize` failed.
/pytorch/aten/src/ATen/native/cuda/Indexing.cu:1553: indexSelectLargeIndex: block: [166,0,0], thread: [118,0,0] Assertion `srcIndex < srcSelectDimSize` failed.
/pytorch/aten/src/ATen/native/cuda/Indexing.cu:1553: indexSelectLargeIndex: block: [166,0,0], thread: [119,0,0] Assertion `srcIndex < srcSelectDimSize` failed.
/pytorch/aten/src/ATen/native/cuda/Indexing.cu:1553: indexSelectLargeIndex: block: [166,0,0], thread: [120,0,0] Assertion `srcIndex < srcSelectDimSize` failed.
/pytorch/aten/src/ATen/native/cuda/Indexing.cu:1553: indexSelectLargeIndex: block: [166,0,0], thread: [121,0,0] Assertion `srcIndex < srcSelectDimSize` failed.
/pytorch/aten/src/ATen/native/cuda/Indexing.cu:1553: indexSelectLargeIndex: block: [166,0,0], thread: [122,0,0] Assertion `srcIndex < srcSelectDimSize` failed.
/pytorch/aten/src/ATen/native/cuda/Indexing.cu:1553: indexSelectLargeIndex: block: [166,0,0], thread: [123,0,0] Assertion `srcIndex < srcSelectDimSize` failed.
/pytorch/aten/src/ATen/native/cuda/Indexing.cu:1553: indexSelectLargeIndex: block: [166,0,0], thread: [124,0,0] Assertion `srcIndex < srcSelectDimSize` failed.
/pytorch/aten/src/ATen/native/cuda/Indexing.cu:1553: indexSelectLargeIndex: block: [166,0,0], thread: [125,0,0] Assertion `srcIndex < srcSelectDimSize` failed.
/pytorch/aten/src/ATen/native/cuda/Indexing.cu:1553: indexSelectLargeIndex: block: [166,0,0], thread: [126,0,0] Assertion `srcIndex < srcSelectDimSize` failed.
/pytorch/aten/src/ATen/native/cuda/Indexing.cu:1553: indexSelectLargeIndex: block: [166,0,0], thread: [127,0,0] Assertion `srcIndex < srcSelectDimSize` failed.
Epoch 1/3:   0%|          | 0/32801 [00:00<?, ?it/s]
Traceback (most recent call last):
  File "/scratch4/cs601-dkhasha1/cs601-lgeer3/nlp-final/run_experiment.py", line 73, in <module>
    main()
  File "/scratch4/cs601-dkhasha1/cs601-lgeer3/nlp-final/run_experiment.py", line 56, in main
    train_model(
  File "/scratch4/cs601-dkhasha1/cs601-lgeer3/nlp-final/training/train.py", line 98, in train_model
    output = model(idx=input_ids, targets=labels, mask=attention_mask)
             ^^^^^^^^^^^^^^^^^^^^^^^^^^^^^^^^^^^^^^^^^^^^^^^^^^^^^^^^^
  File "/home/cs601-lgeer3/scr4-cs601-dkhasha1/cs601-lgeer3/nlp-final/env/lib/python3.11/site-packages/torch/nn/modules/module.py", line 1751, in _wrapped_call_impl
    return self._call_impl(*args, **kwargs)
           ^^^^^^^^^^^^^^^^^^^^^^^^^^^^^^^^
  File "/home/cs601-lgeer3/scr4-cs601-dkhasha1/cs601-lgeer3/nlp-final/env/lib/python3.11/site-packages/torch/nn/modules/module.py", line 1762, in _call_impl
    return forward_call(*args, **kwargs)
           ^^^^^^^^^^^^^^^^^^^^^^^^^^^^^
  File "/scratch4/cs601-dkhasha1/cs601-lgeer3/nlp-final/model/model.py", line 129, in forward
    x = self.drop(token_embeddings + position_embeddings)
                  ~~~~~~~~~~~~~~~~~^~~~~~~~~~~~~~~~~~~~~
RuntimeError: CUDA error: device-side assert triggered
CUDA kernel errors might be asynchronously reported at some other API call, so the stacktrace below might be incorrect.
For debugging consider passing CUDA_LAUNCH_BLOCKING=1
Compile with `TORCH_USE_CUDA_DSA` to enable device-side assertions.

✅ Python finished: Wed Apr 30 20:09:29 EDT 2025
